# JRE version: Java(TM) SE Runtime Environment (8.0_251-b08) (build 1.8.0_251-b08)
# Java VM: Java HotSpot(TM) 64-Bit Server VM (25.251-b08 mixed mode windows-amd64 compressed oops)
Heap:
 PSYoungGen      total 390656K, used 216676K [0x00000000d5580000, 0x00000000f9c00000, 0x0000000100000000)
  eden space 363520K, 54% used [0x00000000d5580000,0x00000000e16b73c8,0x00000000eb880000)
  from space 27136K, 69% used [0x00000000eb880000,0x00000000ecae1d98,0x00000000ed300000)
  to   space 54784K, 0% used [0x00000000f6680000,0x00000000f6680000,0x00000000f9c00000)
 ParOldGen       total 107008K, used 106979K [0x0000000080000000, 0x0000000086880000, 0x00000000d5580000)
  object space 107008K, 99% used [0x0000000080000000,0x0000000086878d40,0x0000000086880000)
 Metaspace       used 88431K, capacity 92712K, committed 93696K, reserved 1130496K
  class space    used 11980K, capacity 12794K, committed 13056K, reserved 1048576K
GC Heap History (10 events):
Event: 21.021 GC heap before
{Heap before GC invocations=15 (full 3):
 PSYoungGen      total 288768K, used 704K [0x00000000d5580000, 0x00000000e8900000, 0x0000000100000000)
  eden space 268800K, 0% used [0x00000000d5580000,0x00000000d5580000,0x00000000e5c00000)
  from space 19968K, 3% used [0x00000000e7000000,0x00000000e70b0000,0x00000000e8380000)
  to   space 20480K, 0% used [0x00000000e5c00000,0x00000000e5c00000,0x00000000e7000000)
 ParOldGen       total 65024K, used 43498K [0x0000000080000000, 0x0000000083f80000, 0x00000000d5580000)
  object space 65024K, 66% used [0x0000000080000000,0x0000000082a7aa68,0x0000000083f80000)
 Metaspace       used 56838K, capacity 59094K, committed 59136K, reserved 1099776K
  class space    used 7955K, capacity 8424K, committed 8448K, reserved 1048576K
Event: 21.297 GC heap after
Heap after GC invocations=15 (full 3):
 PSYoungGen      total 288768K, used 0K [0x00000000d5580000, 0x00000000e8900000, 0x0000000100000000)
  eden space 268800K, 0% used [0x00000000d5580000,0x00000000d5580000,0x00000000e5c00000)
  from space 19968K, 0% used [0x00000000e7000000,0x00000000e7000000,0x00000000e8380000)
  to   space 20480K, 0% used [0x00000000e5c00000,0x00000000e5c00000,0x00000000e7000000)
 ParOldGen       total 92672K, used 29279K [0x0000000080000000, 0x0000000085a80000, 0x00000000d5580000)
  object space 92672K, 31% used [0x0000000080000000,0x0000000081c97f18,0x0000000085a80000)
 Metaspace       used 56826K, capacity 59052K, committed 59136K, reserved 1099776K
  class space    used 7951K, capacity 8417K, committed 8448K, reserved 1048576K
}
Event: 27.462 GC heap before
{Heap before GC invocations=16 (full 3):
 PSYoungGen      total 288768K, used 268796K [0x00000000d5580000, 0x00000000e8900000, 0x0000000100000000)
  eden space 268800K, 99% used [0x00000000d5580000,0x00000000e5bff2c0,0x00000000e5c00000)
  from space 19968K, 0% used [0x00000000e7000000,0x00000000e7000000,0x00000000e8380000)
  to   space 20480K, 0% used [0x00000000e5c00000,0x00000000e5c00000,0x00000000e7000000)
 ParOldGen       total 92672K, used 29279K [0x0000000080000000, 0x0000000085a80000, 0x00000000d5580000)
  object space 92672K, 31% used [0x0000000080000000,0x0000000081c97f18,0x0000000085a80000)
 Metaspace       used 66409K, capacity 69440K, committed 69760K, reserved 1110016K
  class space    used 9182K, capacity 9731K, committed 9856K, reserved 1048576K
Event: 27.491 GC heap after
Heap after GC invocations=16 (full 3):
 PSYoungGen      total 289280K, used 20479K [0x00000000d5580000, 0x00000000eef80000, 0x0000000100000000)
  eden space 268800K, 0% used [0x00000000d5580000,0x00000000d5580000,0x00000000e5c00000)
  from space 20480K, 99% used [0x00000000e5c00000,0x00000000e6fffe30,0x00000000e7000000)
  to   space 24064K, 0% used [0x00000000ed800000,0x00000000ed800000,0x00000000eef80000)
 ParOldGen       total 92672K, used 29706K [0x0000000080000000, 0x0000000085a80000, 0x00000000d5580000)
  object space 92672K, 32% used [0x0000000080000000,0x0000000081d02b60,0x0000000085a80000)
 Metaspace       used 66409K, capacity 69440K, committed 69760K, reserved 1110016K
  class space    used 9182K, capacity 9731K, committed 9856K, reserved 1048576K
}
Event: 147.726 GC heap before
{Heap before GC invocations=17 (full 3):
 PSYoungGen      total 289280K, used 289279K [0x00000000d5580000, 0x00000000eef80000, 0x0000000100000000)
  eden space 268800K, 100% used [0x00000000d5580000,0x00000000e5c00000,0x00000000e5c00000)
  from space 20480K, 99% used [0x00000000e5c00000,0x00000000e6fffe30,0x00000000e7000000)
  to   space 24064K, 0% used [0x00000000ed800000,0x00000000ed800000,0x00000000eef80000)
 ParOldGen       total 92672K, used 29706K [0x0000000080000000, 0x0000000085a80000, 0x00000000d5580000)
  object space 92672K, 32% used [0x0000000080000000,0x0000000081d02b60,0x0000000085a80000)
 Metaspace       used 75274K, capacity 78614K, committed 78848K, reserved 1118208K
  class space    used 10123K, capacity 10741K, committed 10752K, reserved 1048576K
Event: 147.819 GC heap after
Heap after GC invocations=17 (full 3):
 PSYoungGen      total 382976K, used 21535K [0x00000000d5580000, 0x00000000eed80000, 0x0000000100000000)
  eden space 360960K, 0% used [0x00000000d5580000,0x00000000d5580000,0x00000000eb600000)
  from space 22016K, 97% used [0x00000000ed800000,0x00000000eed07e58,0x00000000eed80000)
  to   space 27136K, 0% used [0x00000000eb880000,0x00000000eb880000,0x00000000ed300000)
 ParOldGen       total 92672K, used 44016K [0x0000000080000000, 0x0000000085a80000, 0x00000000d5580000)
  object space 92672K, 47% used [0x0000000080000000,0x0000000082afc210,0x0000000085a80000)
 Metaspace       used 75274K, capacity 78614K, committed 78848K, reserved 1118208K
  class space    used 10123K, capacity 10741K, committed 10752K, reserved 1048576K
}
Event: 153.555 GC heap before
{Heap before GC invocations=18 (full 3):
 PSYoungGen      total 382976K, used 382495K [0x00000000d5580000, 0x00000000eed80000, 0x0000000100000000)
  eden space 360960K, 100% used [0x00000000d5580000,0x00000000eb600000,0x00000000eb600000)
  from space 22016K, 97% used [0x00000000ed800000,0x00000000eed07e58,0x00000000eed80000)
  to   space 27136K, 0% used [0x00000000eb880000,0x00000000eb880000,0x00000000ed300000)
 ParOldGen       total 92672K, used 44016K [0x0000000080000000, 0x0000000085a80000, 0x00000000d5580000)
  object space 92672K, 47% used [0x0000000080000000,0x0000000082afc210,0x0000000085a80000)
 Metaspace       used 86206K, capacity 90942K, committed 91136K, reserved 1128448K
  class space    used 11791K, capacity 12681K, committed 12800K, reserved 1048576K
Event: 153.794 GC heap after
Heap after GC invocations=18 (full 3):
 PSYoungGen      total 390656K, used 27120K [0x00000000d5580000, 0x00000000f9c00000, 0x0000000100000000)
  eden space 363520K, 0% used [0x00000000d5580000,0x00000000d5580000,0x00000000eb880000)
  from space 27136K, 99% used [0x00000000eb880000,0x00000000ed2fc368,0x00000000ed300000)
  to   space 54784K, 0% used [0x00000000f6680000,0x00000000f6680000,0x00000000f9c00000)
 ParOldGen       total 107008K, used 106929K [0x0000000080000000, 0x0000000086880000, 0x00000000d5580000)
  object space 107008K, 99% used [0x0000000080000000,0x000000008686c628,0x0000000086880000)
 Metaspace       used 86206K, capacity 90942K, committed 91136K, reserved 1128448K
  class space    used 11791K, capacity 12681K, committed 12800K, reserved 1048576K
}
Event: 153.794 GC heap before
{Heap before GC invocations=19 (full 4):
 PSYoungGen      total 390656K, used 27120K [0x00000000d5580000, 0x00000000f9c00000, 0x0000000100000000)
  eden space 363520K, 0% used [0x00000000d5580000,0x00000000d5580000,0x00000000eb880000)
  from space 27136K, 99% used [0x00000000eb880000,0x00000000ed2fc368,0x00000000ed300000)
  to   space 54784K, 0% used [0x00000000f6680000,0x00000000f6680000,0x00000000f9c00000)
 ParOldGen       total 107008K, used 106929K [0x0000000080000000, 0x0000000086880000, 0x00000000d5580000)
  object space 107008K, 99% used [0x0000000080000000,0x000000008686c628,0x0000000086880000)
 Metaspace       used 86206K, capacity 90942K, committed 91136K, reserved 1128448K
  class space    used 11791K, capacity 12681K, committed 12800K, reserved 1048576K
Event: 154.982 GC heap after
Heap after GC invocations=19 (full 4):
 PSYoungGen      total 390656K, used 18823K [0x00000000d5580000, 0x00000000f9c00000, 0x0000000100000000)
  eden space 363520K, 0% used [0x00000000d5580000,0x00000000d5580000,0x00000000eb880000)
  from space 27136K, 69% used [0x00000000eb880000,0x00000000ecae1d98,0x00000000ed300000)
  to   space 54784K, 0% used [0x00000000f6680000,0x00000000f6680000,0x00000000f9c00000)
 ParOldGen       total 107008K, used 106979K [0x0000000080000000, 0x0000000086880000, 0x00000000d5580000)
  object space 107008K, 99% used [0x0000000080000000,0x0000000086878d40,0x0000000086880000)
 Metaspace       used 85821K, capacity 90052K, committed 91136K, reserved 1128448K
  class space    used 11650K, capacity 12434K, committed 12800K, reserved 1048576K
}

