# JRE version: Java(TM) SE Runtime Environment (8.0_251-b08) (build 1.8.0_251-b08)
# Java VM: Java HotSpot(TM) 64-Bit Server VM (25.251-b08 mixed mode windows-amd64 compressed oops)
Heap:
 PSYoungGen      total 254976K, used 68643K [0x00000000d5580000, 0x00000000eba00000, 0x0000000100000000)
  eden space 240640K, 22% used [0x00000000d5580000,0x00000000d8a90148,0x00000000e4080000)
  from space 14336K, 99% used [0x00000000e4080000,0x00000000e4e78c98,0x00000000e4e80000)
  to   space 18944K, 0% used [0x00000000ea780000,0x00000000ea780000,0x00000000eba00000)
 ParOldGen       total 72704K, used 21498K [0x0000000080000000, 0x0000000084700000, 0x00000000d5580000)
  object space 72704K, 29% used [0x0000000080000000,0x00000000814fe8c8,0x0000000084700000)
 Metaspace       used 52314K, capacity 54308K, committed 54528K, reserved 1095680K
  class space    used 7159K, capacity 7602K, committed 7680K, reserved 1048576K
GC Heap History (10 events):
Event: 4.541 GC heap before
{Heap before GC invocations=7 (full 1):
 PSYoungGen      total 144384K, used 5236K [0x00000000d5580000, 0x00000000dee80000, 0x0000000100000000)
  eden space 133120K, 0% used [0x00000000d5580000,0x00000000d5580000,0x00000000dd780000)
  from space 11264K, 46% used [0x00000000de380000,0x00000000de89d040,0x00000000dee80000)
  to   space 11776K, 0% used [0x00000000dd780000,0x00000000dd780000,0x00000000de300000)
 ParOldGen       total 87552K, used 10073K [0x0000000080000000, 0x0000000085580000, 0x00000000d5580000)
  object space 87552K, 11% used [0x0000000080000000,0x00000000809d6780,0x0000000085580000)
 Metaspace       used 20581K, capacity 21184K, committed 21296K, reserved 1067008K
  class space    used 2949K, capacity 3108K, committed 3200K, reserved 1048576K
Event: 4.590 GC heap after
Heap after GC invocations=7 (full 1):
 PSYoungGen      total 144384K, used 0K [0x00000000d5580000, 0x00000000dee80000, 0x0000000100000000)
  eden space 133120K, 0% used [0x00000000d5580000,0x00000000d5580000,0x00000000dd780000)
  from space 11264K, 0% used [0x00000000de380000,0x00000000de380000,0x00000000dee80000)
  to   space 11776K, 0% used [0x00000000dd780000,0x00000000dd780000,0x00000000de300000)
 ParOldGen       total 51200K, used 6738K [0x0000000080000000, 0x0000000083200000, 0x00000000d5580000)
  object space 51200K, 13% used [0x0000000080000000,0x0000000080694ab8,0x0000000083200000)
 Metaspace       used 20581K, capacity 21184K, committed 21296K, reserved 1067008K
  class space    used 2949K, capacity 3108K, committed 3200K, reserved 1048576K
}
Event: 6.458 GC heap before
{Heap before GC invocations=8 (full 1):
 PSYoungGen      total 144384K, used 133120K [0x00000000d5580000, 0x00000000dee80000, 0x0000000100000000)
  eden space 133120K, 100% used [0x00000000d5580000,0x00000000dd780000,0x00000000dd780000)
  from space 11264K, 0% used [0x00000000de380000,0x00000000de380000,0x00000000dee80000)
  to   space 11776K, 0% used [0x00000000dd780000,0x00000000dd780000,0x00000000de300000)
 ParOldGen       total 51200K, used 6738K [0x0000000080000000, 0x0000000083200000, 0x00000000d5580000)
  object space 51200K, 13% used [0x0000000080000000,0x0000000080694ab8,0x0000000083200000)
 Metaspace       used 32847K, capacity 33884K, committed 34048K, reserved 1079296K
  class space    used 4593K, capacity 4846K, committed 4864K, reserved 1048576K
Event: 6.477 GC heap after
Heap after GC invocations=8 (full 1):
 PSYoungGen      total 144896K, used 11747K [0x00000000d5580000, 0x00000000e5f00000, 0x0000000100000000)
  eden space 133120K, 0% used [0x00000000d5580000,0x00000000d5580000,0x00000000dd780000)
  from space 11776K, 99% used [0x00000000dd780000,0x00000000de2f8c40,0x00000000de300000)
  to   space 14848K, 0% used [0x00000000e5080000,0x00000000e5080000,0x00000000e5f00000)
 ParOldGen       total 51200K, used 9039K [0x0000000080000000, 0x0000000083200000, 0x00000000d5580000)
  object space 51200K, 17% used [0x0000000080000000,0x00000000808d3fc0,0x0000000083200000)
 Metaspace       used 32847K, capacity 33884K, committed 34048K, reserved 1079296K
  class space    used 4593K, capacity 4846K, committed 4864K, reserved 1048576K
}
Event: 6.958 GC heap before
{Heap before GC invocations=9 (full 1):
 PSYoungGen      total 144896K, used 44908K [0x00000000d5580000, 0x00000000e5f00000, 0x0000000100000000)
  eden space 133120K, 24% used [0x00000000d5580000,0x00000000d75e2518,0x00000000dd780000)
  from space 11776K, 99% used [0x00000000dd780000,0x00000000de2f8c40,0x00000000de300000)
  to   space 14848K, 0% used [0x00000000e5080000,0x00000000e5080000,0x00000000e5f00000)
 ParOldGen       total 51200K, used 9039K [0x0000000080000000, 0x0000000083200000, 0x00000000d5580000)
  object space 51200K, 17% used [0x0000000080000000,0x00000000808d3fc0,0x0000000083200000)
 Metaspace       used 34355K, capacity 35436K, committed 35496K, reserved 1079296K
  class space    used 4843K, capacity 5097K, committed 5120K, reserved 1048576K
Event: 6.975 GC heap after
Heap after GC invocations=9 (full 1):
 PSYoungGen      total 252928K, used 8136K [0x00000000d5580000, 0x00000000e5c80000, 0x0000000100000000)
  eden space 240640K, 0% used [0x00000000d5580000,0x00000000d5580000,0x00000000e4080000)
  from space 12288K, 66% used [0x00000000e5080000,0x00000000e5872320,0x00000000e5c80000)
  to   space 14336K, 0% used [0x00000000e4080000,0x00000000e4080000,0x00000000e4e80000)
 ParOldGen       total 51200K, used 9047K [0x0000000080000000, 0x0000000083200000, 0x00000000d5580000)
  object space 51200K, 17% used [0x0000000080000000,0x00000000808d5fc0,0x0000000083200000)
 Metaspace       used 34355K, capacity 35436K, committed 35496K, reserved 1079296K
  class space    used 4843K, capacity 5097K, committed 5120K, reserved 1048576K
}
Event: 6.975 GC heap before
{Heap before GC invocations=10 (full 2):
 PSYoungGen      total 252928K, used 8136K [0x00000000d5580000, 0x00000000e5c80000, 0x0000000100000000)
  eden space 240640K, 0% used [0x00000000d5580000,0x00000000d5580000,0x00000000e4080000)
  from space 12288K, 66% used [0x00000000e5080000,0x00000000e5872320,0x00000000e5c80000)
  to   space 14336K, 0% used [0x00000000e4080000,0x00000000e4080000,0x00000000e4e80000)
 ParOldGen       total 51200K, used 9047K [0x0000000080000000, 0x0000000083200000, 0x00000000d5580000)
  object space 51200K, 17% used [0x0000000080000000,0x00000000808d5fc0,0x0000000083200000)
 Metaspace       used 34355K, capacity 35436K, committed 35496K, reserved 1079296K
  class space    used 4843K, capacity 5097K, committed 5120K, reserved 1048576K
Event: 7.068 GC heap after
Heap after GC invocations=10 (full 2):
 PSYoungGen      total 252928K, used 0K [0x00000000d5580000, 0x00000000e5c80000, 0x0000000100000000)
  eden space 240640K, 0% used [0x00000000d5580000,0x00000000d5580000,0x00000000e4080000)
  from space 12288K, 0% used [0x00000000e5080000,0x00000000e5080000,0x00000000e5c80000)
  to   space 14336K, 0% used [0x00000000e4080000,0x00000000e4080000,0x00000000e4e80000)
 ParOldGen       total 72704K, used 14592K [0x0000000080000000, 0x0000000084700000, 0x00000000d5580000)
  object space 72704K, 20% used [0x0000000080000000,0x0000000080e40070,0x0000000084700000)
 Metaspace       used 34355K, capacity 35436K, committed 35496K, reserved 1079296K
  class space    used 4843K, capacity 5097K, committed 5120K, reserved 1048576K
}
Event: 11.807 GC heap before
{Heap before GC invocations=11 (full 2):
 PSYoungGen      total 252928K, used 240640K [0x00000000d5580000, 0x00000000e5c80000, 0x0000000100000000)
  eden space 240640K, 100% used [0x00000000d5580000,0x00000000e4080000,0x00000000e4080000)
  from space 12288K, 0% used [0x00000000e5080000,0x00000000e5080000,0x00000000e5c80000)
  to   space 14336K, 0% used [0x00000000e4080000,0x00000000e4080000,0x00000000e4e80000)
 ParOldGen       total 72704K, used 14592K [0x0000000080000000, 0x0000000084700000, 0x00000000d5580000)
  object space 72704K, 20% used [0x0000000080000000,0x0000000080e40070,0x0000000084700000)
 Metaspace       used 48257K, capacity 50038K, committed 50432K, reserved 1093632K
  class space    used 6659K, capacity 7045K, committed 7168K, reserved 1048576K
Event: 11.856 GC heap after
Heap after GC invocations=11 (full 2):
 PSYoungGen      total 254976K, used 14307K [0x00000000d5580000, 0x00000000eba00000, 0x0000000100000000)
  eden space 240640K, 0% used [0x00000000d5580000,0x00000000d5580000,0x00000000e4080000)
  from space 14336K, 99% used [0x00000000e4080000,0x00000000e4e78c98,0x00000000e4e80000)
  to   space 18944K, 0% used [0x00000000ea780000,0x00000000ea780000,0x00000000eba00000)
 ParOldGen       total 72704K, used 21498K [0x0000000080000000, 0x0000000084700000, 0x00000000d5580000)
  object space 72704K, 29% used [0x0000000080000000,0x00000000814fe8c8,0x0000000084700000)
 Metaspace       used 48257K, capacity 50038K, committed 50432K, reserved 1093632K
  class space    used 6659K, capacity 7045K, committed 7168K, reserved 1048576K
}

