# JRE version: Java(TM) SE Runtime Environment (8.0_251-b08) (build 1.8.0_251-b08)
# Java VM: Java HotSpot(TM) 64-Bit Server VM (25.251-b08 mixed mode windows-amd64 compressed oops)
Heap:
 PSYoungGen      total 250880K, used 135748K [0x00000000d5580000, 0x00000000ebc00000, 0x0000000100000000)
  eden space 236544K, 51% used [0x00000000d5580000,0x00000000dcc189c0,0x00000000e3c80000)
  from space 14336K, 99% used [0x00000000e3c80000,0x00000000e4a787b8,0x00000000e4a80000)
  to   space 25600K, 0% used [0x00000000ea300000,0x00000000ea300000,0x00000000ebc00000)
 ParOldGen       total 68608K, used 40703K [0x0000000080000000, 0x0000000084300000, 0x00000000d5580000)
  object space 68608K, 59% used [0x0000000080000000,0x00000000827bfef0,0x0000000084300000)
 Metaspace       used 73120K, capacity 76858K, committed 77056K, reserved 1116160K
  class space    used 10420K, capacity 11190K, committed 11264K, reserved 1048576K
GC Heap History (10 events):
Event: 15.897 GC heap before
{Heap before GC invocations=10 (full 2):
 PSYoungGen      total 245760K, used 8188K [0x00000000d5580000, 0x00000000e5880000, 0x0000000100000000)
  eden space 236544K, 0% used [0x00000000d5580000,0x00000000d5580000,0x00000000e3c80000)
  from space 9216K, 88% used [0x00000000e4f80000,0x00000000e577f3d0,0x00000000e5880000)
  to   space 14336K, 0% used [0x00000000e3c80000,0x00000000e3c80000,0x00000000e4a80000)
 ParOldGen       total 51712K, used 9021K [0x0000000080000000, 0x0000000083280000, 0x00000000d5580000)
  object space 51712K, 17% used [0x0000000080000000,0x00000000808cf660,0x0000000083280000)
 Metaspace       used 34362K, capacity 35444K, committed 35496K, reserved 1079296K
  class space    used 4847K, capacity 5097K, committed 5120K, reserved 1048576K
Event: 15.958 GC heap after
Heap after GC invocations=10 (full 2):
 PSYoungGen      total 245760K, used 0K [0x00000000d5580000, 0x00000000e5880000, 0x0000000100000000)
  eden space 236544K, 0% used [0x00000000d5580000,0x00000000d5580000,0x00000000e3c80000)
  from space 9216K, 0% used [0x00000000e4f80000,0x00000000e4f80000,0x00000000e5880000)
  to   space 14336K, 0% used [0x00000000e3c80000,0x00000000e3c80000,0x00000000e4a80000)
 ParOldGen       total 68608K, used 14611K [0x0000000080000000, 0x0000000084300000, 0x00000000d5580000)
  object space 68608K, 21% used [0x0000000080000000,0x0000000080e44cc0,0x0000000084300000)
 Metaspace       used 34362K, capacity 35444K, committed 35496K, reserved 1079296K
  class space    used 4847K, capacity 5097K, committed 5120K, reserved 1048576K
}
Event: 25.719 GC heap before
{Heap before GC invocations=11 (full 2):
 PSYoungGen      total 245760K, used 236544K [0x00000000d5580000, 0x00000000e5880000, 0x0000000100000000)
  eden space 236544K, 100% used [0x00000000d5580000,0x00000000e3c80000,0x00000000e3c80000)
  from space 9216K, 0% used [0x00000000e4f80000,0x00000000e4f80000,0x00000000e5880000)
  to   space 14336K, 0% used [0x00000000e3c80000,0x00000000e3c80000,0x00000000e4a80000)
 ParOldGen       total 68608K, used 14611K [0x0000000080000000, 0x0000000084300000, 0x00000000d5580000)
  object space 68608K, 21% used [0x0000000080000000,0x0000000080e44cc0,0x0000000084300000)
 Metaspace       used 48088K, capacity 49886K, committed 50048K, reserved 1091584K
  class space    used 6647K, capacity 7011K, committed 7040K, reserved 1048576K
Event: 25.746 GC heap after
Heap after GC invocations=11 (full 2):
 PSYoungGen      total 250880K, used 14315K [0x00000000d5580000, 0x00000000e5880000, 0x0000000100000000)
  eden space 236544K, 0% used [0x00000000d5580000,0x00000000d5580000,0x00000000e3c80000)
  from space 14336K, 99% used [0x00000000e3c80000,0x00000000e4a7af18,0x00000000e4a80000)
  to   space 9216K, 0% used [0x00000000e4f80000,0x00000000e4f80000,0x00000000e5880000)
 ParOldGen       total 68608K, used 20675K [0x0000000080000000, 0x0000000084300000, 0x00000000d5580000)
  object space 68608K, 30% used [0x0000000080000000,0x0000000081430e90,0x0000000084300000)
 Metaspace       used 48088K, capacity 49886K, committed 50048K, reserved 1091584K
  class space    used 6647K, capacity 7011K, committed 7040K, reserved 1048576K
}
Event: 29.801 GC heap before
{Heap before GC invocations=12 (full 2):
 PSYoungGen      total 250880K, used 121384K [0x00000000d5580000, 0x00000000e5880000, 0x0000000100000000)
  eden space 236544K, 45% used [0x00000000d5580000,0x00000000dbe0f458,0x00000000e3c80000)
  from space 14336K, 99% used [0x00000000e3c80000,0x00000000e4a7af18,0x00000000e4a80000)
  to   space 9216K, 0% used [0x00000000e4f80000,0x00000000e4f80000,0x00000000e5880000)
 ParOldGen       total 68608K, used 20675K [0x0000000080000000, 0x0000000084300000, 0x00000000d5580000)
  object space 68608K, 30% used [0x0000000080000000,0x0000000081430e90,0x0000000084300000)
 Metaspace       used 56713K, capacity 59028K, committed 59136K, reserved 1099776K
  class space    used 7925K, capacity 8393K, committed 8448K, reserved 1048576K
Event: 29.847 GC heap after
Heap after GC invocations=12 (full 2):
 PSYoungGen      total 245760K, used 9204K [0x00000000d5580000, 0x00000000e5880000, 0x0000000100000000)
  eden space 236544K, 0% used [0x00000000d5580000,0x00000000d5580000,0x00000000e3c80000)
  from space 9216K, 99% used [0x00000000e4f80000,0x00000000e587d2f0,0x00000000e5880000)
  to   space 14336K, 0% used [0x00000000e3c80000,0x00000000e3c80000,0x00000000e4a80000)
 ParOldGen       total 68608K, used 33629K [0x0000000080000000, 0x0000000084300000, 0x00000000d5580000)
  object space 68608K, 49% used [0x0000000080000000,0x00000000820d76a0,0x0000000084300000)
 Metaspace       used 56713K, capacity 59028K, committed 59136K, reserved 1099776K
  class space    used 7925K, capacity 8393K, committed 8448K, reserved 1048576K
}
Event: 29.847 GC heap before
{Heap before GC invocations=13 (full 3):
 PSYoungGen      total 245760K, used 9204K [0x00000000d5580000, 0x00000000e5880000, 0x0000000100000000)
  eden space 236544K, 0% used [0x00000000d5580000,0x00000000d5580000,0x00000000e3c80000)
  from space 9216K, 99% used [0x00000000e4f80000,0x00000000e587d2f0,0x00000000e5880000)
  to   space 14336K, 0% used [0x00000000e3c80000,0x00000000e3c80000,0x00000000e4a80000)
 ParOldGen       total 68608K, used 33629K [0x0000000080000000, 0x0000000084300000, 0x00000000d5580000)
  object space 68608K, 49% used [0x0000000080000000,0x00000000820d76a0,0x0000000084300000)
 Metaspace       used 56713K, capacity 59028K, committed 59136K, reserved 1099776K
  class space    used 7925K, capacity 8393K, committed 8448K, reserved 1048576K
Event: 30.183 GC heap after
Heap after GC invocations=13 (full 3):
 PSYoungGen      total 245760K, used 0K [0x00000000d5580000, 0x00000000e5880000, 0x0000000100000000)
  eden space 236544K, 0% used [0x00000000d5580000,0x00000000d5580000,0x00000000e3c80000)
  from space 9216K, 0% used [0x00000000e4f80000,0x00000000e4f80000,0x00000000e5880000)
  to   space 14336K, 0% used [0x00000000e3c80000,0x00000000e3c80000,0x00000000e4a80000)
 ParOldGen       total 68608K, used 34102K [0x0000000080000000, 0x0000000084300000, 0x00000000d5580000)
  object space 68608K, 49% used [0x0000000080000000,0x000000008214d9f8,0x0000000084300000)
 Metaspace       used 56697K, capacity 58974K, committed 59136K, reserved 1099776K
  class space    used 7920K, capacity 8384K, committed 8448K, reserved 1048576K
}
Event: 43.106 GC heap before
{Heap before GC invocations=14 (full 3):
 PSYoungGen      total 245760K, used 236544K [0x00000000d5580000, 0x00000000e5880000, 0x0000000100000000)
  eden space 236544K, 100% used [0x00000000d5580000,0x00000000e3c80000,0x00000000e3c80000)
  from space 9216K, 0% used [0x00000000e4f80000,0x00000000e4f80000,0x00000000e5880000)
  to   space 14336K, 0% used [0x00000000e3c80000,0x00000000e3c80000,0x00000000e4a80000)
 ParOldGen       total 68608K, used 34102K [0x0000000080000000, 0x0000000084300000, 0x00000000d5580000)
  object space 68608K, 49% used [0x0000000080000000,0x000000008214d9f8,0x0000000084300000)
 Metaspace       used 66909K, capacity 69940K, committed 70272K, reserved 1110016K
  class space    used 9412K, capacity 10005K, committed 10112K, reserved 1048576K
Event: 43.169 GC heap after
Heap after GC invocations=14 (full 3):
 PSYoungGen      total 250880K, used 14305K [0x00000000d5580000, 0x00000000ebc00000, 0x0000000100000000)
  eden space 236544K, 0% used [0x00000000d5580000,0x00000000d5580000,0x00000000e3c80000)
  from space 14336K, 99% used [0x00000000e3c80000,0x00000000e4a787b8,0x00000000e4a80000)
  to   space 25600K, 0% used [0x00000000ea300000,0x00000000ea300000,0x00000000ebc00000)
 ParOldGen       total 68608K, used 40703K [0x0000000080000000, 0x0000000084300000, 0x00000000d5580000)
  object space 68608K, 59% used [0x0000000080000000,0x00000000827bfef0,0x0000000084300000)
 Metaspace       used 66909K, capacity 69940K, committed 70272K, reserved 1110016K
  class space    used 9412K, capacity 10005K, committed 10112K, reserved 1048576K
}

