# JRE version: Java(TM) SE Runtime Environment (8.0_251-b08) (build 1.8.0_251-b08)
# Java VM: Java HotSpot(TM) 64-Bit Server VM (25.251-b08 mixed mode windows-amd64 compressed oops)
Heap:
 PSYoungGen      total 288768K, used 225040K [0x00000000d5580000, 0x00000000ed100000, 0x0000000100000000)
  eden space 241152K, 73% used [0x00000000d5580000,0x00000000e02c8f10,0x00000000e4100000)
  from space 47616K, 99% used [0x00000000e4100000,0x00000000e6f7b4a0,0x00000000e6f80000)
  to   space 56320K, 0% used [0x00000000e9a00000,0x00000000e9a00000,0x00000000ed100000)
 ParOldGen       total 223232K, used 113936K [0x0000000080000000, 0x000000008da00000, 0x00000000d5580000)
  object space 223232K, 51% used [0x0000000080000000,0x0000000086f44390,0x000000008da00000)
 Metaspace       used 95284K, capacity 99880K, committed 100736K, reserved 1136640K
  class space    used 12597K, capacity 13438K, committed 13696K, reserved 1048576K
GC Heap History (10 events):
Event: 139.666 GC heap before
{Heap before GC invocations=23 (full 3):
 PSYoungGen      total 230400K, used 226360K [0x00000000d5580000, 0x00000000e7780000, 0x0000000100000000)
  eden space 199168K, 98% used [0x00000000d5580000,0x00000000e14ac180,0x00000000e1800000)
  from space 31232K, 97% used [0x00000000e1800000,0x00000000e35e1eb8,0x00000000e3680000)
  to   space 35840K, 0% used [0x00000000e5480000,0x00000000e5480000,0x00000000e7780000)
 ParOldGen       total 111104K, used 73123K [0x0000000080000000, 0x0000000086c80000, 0x00000000d5580000)
  object space 111104K, 65% used [0x0000000080000000,0x0000000084768fa8,0x0000000086c80000)
 Metaspace       used 89664K, capacity 94722K, committed 94848K, reserved 1130496K
  class space    used 12380K, capacity 13339K, committed 13440K, reserved 1048576K
Event: 139.955 GC heap after
Heap after GC invocations=23 (full 3):
 PSYoungGen      total 244736K, used 35823K [0x00000000d5580000, 0x00000000ea480000, 0x0000000100000000)
  eden space 208896K, 0% used [0x00000000d5580000,0x00000000d5580000,0x00000000e2180000)
  from space 35840K, 99% used [0x00000000e5480000,0x00000000e777bd40,0x00000000e7780000)
  to   space 52224K, 0% used [0x00000000e2180000,0x00000000e2180000,0x00000000e5480000)
 ParOldGen       total 111104K, used 101466K [0x0000000080000000, 0x0000000086c80000, 0x00000000d5580000)
  object space 111104K, 91% used [0x0000000080000000,0x0000000086316958,0x0000000086c80000)
 Metaspace       used 89664K, capacity 94722K, committed 94848K, reserved 1130496K
  class space    used 12380K, capacity 13339K, committed 13440K, reserved 1048576K
}
Event: 139.956 GC heap before
{Heap before GC invocations=24 (full 4):
 PSYoungGen      total 244736K, used 35823K [0x00000000d5580000, 0x00000000ea480000, 0x0000000100000000)
  eden space 208896K, 0% used [0x00000000d5580000,0x00000000d5580000,0x00000000e2180000)
  from space 35840K, 99% used [0x00000000e5480000,0x00000000e777bd40,0x00000000e7780000)
  to   space 52224K, 0% used [0x00000000e2180000,0x00000000e2180000,0x00000000e5480000)
 ParOldGen       total 111104K, used 101466K [0x0000000080000000, 0x0000000086c80000, 0x00000000d5580000)
  object space 111104K, 91% used [0x0000000080000000,0x0000000086316958,0x0000000086c80000)
 Metaspace       used 89664K, capacity 94722K, committed 94848K, reserved 1130496K
  class space    used 12380K, capacity 13339K, committed 13440K, reserved 1048576K
Event: 141.792 GC heap after
Heap after GC invocations=24 (full 4):
 PSYoungGen      total 244736K, used 2028K [0x00000000d5580000, 0x00000000ea480000, 0x0000000100000000)
  eden space 208896K, 0% used [0x00000000d5580000,0x00000000d5580000,0x00000000e2180000)
  from space 35840K, 5% used [0x00000000e5480000,0x00000000e567b2f8,0x00000000e7780000)
  to   space 52224K, 0% used [0x00000000e2180000,0x00000000e2180000,0x00000000e5480000)
 ParOldGen       total 223232K, used 110883K [0x0000000080000000, 0x000000008da00000, 0x00000000d5580000)
  object space 223232K, 49% used [0x0000000080000000,0x0000000086c48e10,0x000000008da00000)
 Metaspace       used 89069K, capacity 93308K, committed 94848K, reserved 1130496K
  class space    used 12164K, capacity 12964K, committed 13440K, reserved 1048576K
}
Event: 241.078 GC heap before
{Heap before GC invocations=25 (full 4):
 PSYoungGen      total 244736K, used 210924K [0x00000000d5580000, 0x00000000ea480000, 0x0000000100000000)
  eden space 208896K, 100% used [0x00000000d5580000,0x00000000e2180000,0x00000000e2180000)
  from space 35840K, 5% used [0x00000000e5480000,0x00000000e567b2f8,0x00000000e7780000)
  to   space 52224K, 0% used [0x00000000e2180000,0x00000000e2180000,0x00000000e5480000)
 ParOldGen       total 223232K, used 110883K [0x0000000080000000, 0x000000008da00000, 0x00000000d5580000)
  object space 223232K, 49% used [0x0000000080000000,0x0000000086c48e10,0x000000008da00000)
 Metaspace       used 93757K, capacity 98238K, committed 99456K, reserved 1134592K
  class space    used 12554K, capacity 13399K, committed 13696K, reserved 1048576K
Event: 241.140 GC heap after
Heap after GC invocations=25 (full 4):
 PSYoungGen      total 261120K, used 23853K [0x00000000d5580000, 0x00000000ea980000, 0x0000000100000000)
  eden space 208896K, 0% used [0x00000000d5580000,0x00000000d5580000,0x00000000e2180000)
  from space 52224K, 45% used [0x00000000e2180000,0x00000000e38cb780,0x00000000e5480000)
  to   space 50688K, 0% used [0x00000000e7800000,0x00000000e7800000,0x00000000ea980000)
 ParOldGen       total 223232K, used 110907K [0x0000000080000000, 0x000000008da00000, 0x00000000d5580000)
  object space 223232K, 49% used [0x0000000080000000,0x0000000086c4ee10,0x000000008da00000)
 Metaspace       used 93757K, capacity 98238K, committed 99456K, reserved 1134592K
  class space    used 12554K, capacity 13399K, committed 13696K, reserved 1048576K
}
Event: 519.678 GC heap before
{Heap before GC invocations=26 (full 4):
 PSYoungGen      total 261120K, used 232749K [0x00000000d5580000, 0x00000000ea980000, 0x0000000100000000)
  eden space 208896K, 100% used [0x00000000d5580000,0x00000000e2180000,0x00000000e2180000)
  from space 52224K, 45% used [0x00000000e2180000,0x00000000e38cb780,0x00000000e5480000)
  to   space 50688K, 0% used [0x00000000e7800000,0x00000000e7800000,0x00000000ea980000)
 ParOldGen       total 223232K, used 110907K [0x0000000080000000, 0x000000008da00000, 0x00000000d5580000)
  object space 223232K, 49% used [0x0000000080000000,0x0000000086c4ee10,0x000000008da00000)
 Metaspace       used 94348K, capacity 98954K, committed 99968K, reserved 1136640K
  class space    used 12574K, capacity 13429K, committed 13696K, reserved 1048576K
Event: 519.742 GC heap after
Heap after GC invocations=26 (full 4):
 PSYoungGen      total 280064K, used 19791K [0x00000000d5580000, 0x00000000e9e00000, 0x0000000100000000)
  eden space 241152K, 0% used [0x00000000d5580000,0x00000000d5580000,0x00000000e4100000)
  from space 38912K, 50% used [0x00000000e7800000,0x00000000e8b53e68,0x00000000e9e00000)
  to   space 47616K, 0% used [0x00000000e4100000,0x00000000e4100000,0x00000000e6f80000)
 ParOldGen       total 223232K, used 110915K [0x0000000080000000, 0x000000008da00000, 0x00000000d5580000)
  object space 223232K, 49% used [0x0000000080000000,0x0000000086c50e10,0x000000008da00000)
 Metaspace       used 94348K, capacity 98954K, committed 99968K, reserved 1136640K
  class space    used 12574K, capacity 13429K, committed 13696K, reserved 1048576K
}
Event: 532.342 GC heap before
{Heap before GC invocations=27 (full 4):
 PSYoungGen      total 280064K, used 260943K [0x00000000d5580000, 0x00000000e9e00000, 0x0000000100000000)
  eden space 241152K, 100% used [0x00000000d5580000,0x00000000e4100000,0x00000000e4100000)
  from space 38912K, 50% used [0x00000000e7800000,0x00000000e8b53e68,0x00000000e9e00000)
  to   space 47616K, 0% used [0x00000000e4100000,0x00000000e4100000,0x00000000e6f80000)
 ParOldGen       total 223232K, used 110915K [0x0000000080000000, 0x000000008da00000, 0x00000000d5580000)
  object space 223232K, 49% used [0x0000000080000000,0x0000000086c50e10,0x000000008da00000)
 Metaspace       used 95166K, capacity 99750K, committed 100480K, reserved 1136640K
  class space    used 12580K, capacity 13437K, committed 13696K, reserved 1048576K
Event: 532.477 GC heap after
Heap after GC invocations=27 (full 4):
 PSYoungGen      total 288768K, used 47597K [0x00000000d5580000, 0x00000000ed100000, 0x0000000100000000)
  eden space 241152K, 0% used [0x00000000d5580000,0x00000000d5580000,0x00000000e4100000)
  from space 47616K, 99% used [0x00000000e4100000,0x00000000e6f7b4a0,0x00000000e6f80000)
  to   space 56320K, 0% used [0x00000000e9a00000,0x00000000e9a00000,0x00000000ed100000)
 ParOldGen       total 223232K, used 113936K [0x0000000080000000, 0x000000008da00000, 0x00000000d5580000)
  object space 223232K, 51% used [0x0000000080000000,0x0000000086f44390,0x000000008da00000)
 Metaspace       used 95166K, capacity 99750K, committed 100480K, reserved 1136640K
  class space    used 12580K, capacity 13437K, committed 13696K, reserved 1048576K
}

