# JRE version: Java(TM) SE Runtime Environment (8.0_251-b08) (build 1.8.0_251-b08)
# Java VM: Java HotSpot(TM) 64-Bit Server VM (25.251-b08 mixed mode windows-amd64 compressed oops)
Heap:
 PSYoungGen      total 399360K, used 250928K [0x00000000d5580000, 0x00000000f7b00000, 0x0000000100000000)
  eden space 378880K, 66% used [0x00000000d5580000,0x00000000e4a8c2f8,0x00000000ec780000)
  from space 20480K, 0% used [0x00000000ec780000,0x00000000ec780000,0x00000000edb80000)
  to   space 24064K, 0% used [0x00000000f6380000,0x00000000f6380000,0x00000000f7b00000)
 ParOldGen       total 110592K, used 33131K [0x0000000080000000, 0x0000000086c00000, 0x00000000d5580000)
  object space 110592K, 29% used [0x0000000080000000,0x000000008205ac50,0x0000000086c00000)
 Metaspace       used 65693K, capacity 68868K, committed 69120K, reserved 1107968K
  class space    used 9263K, capacity 9861K, committed 9984K, reserved 1048576K
GC Heap History (10 events):
Event: 43.208 GC heap before
{Heap before GC invocations=8 (full 1):
 PSYoungGen      total 237056K, used 44082K [0x00000000d5580000, 0x00000000e7280000, 0x0000000100000000)
  eden space 224256K, 13% used [0x00000000d5580000,0x00000000d74126a8,0x00000000e3080000)
  from space 12800K, 99% used [0x00000000e6600000,0x00000000e727a4f8,0x00000000e7280000)
  to   space 15872K, 0% used [0x00000000e5380000,0x00000000e5380000,0x00000000e6300000)
 ParOldGen       total 60416K, used 11883K [0x0000000080000000, 0x0000000083b00000, 0x00000000d5580000)
  object space 60416K, 19% used [0x0000000080000000,0x0000000080b9ad98,0x0000000083b00000)
 Metaspace       used 34301K, capacity 35444K, committed 35496K, reserved 1079296K
  class space    used 4833K, capacity 5097K, committed 5120K, reserved 1048576K
Event: 43.231 GC heap after
Heap after GC invocations=8 (full 1):
 PSYoungGen      total 275968K, used 7977K [0x00000000d5580000, 0x00000000eea00000, 0x0000000100000000)
  eden space 260096K, 0% used [0x00000000d5580000,0x00000000d5580000,0x00000000e5380000)
  from space 15872K, 50% used [0x00000000e5380000,0x00000000e5b4a538,0x00000000e6300000)
  to   space 14848K, 0% used [0x00000000edb80000,0x00000000edb80000,0x00000000eea00000)
 ParOldGen       total 60416K, used 11891K [0x0000000080000000, 0x0000000083b00000, 0x00000000d5580000)
  object space 60416K, 19% used [0x0000000080000000,0x0000000080b9cd98,0x0000000083b00000)
 Metaspace       used 34301K, capacity 35444K, committed 35496K, reserved 1079296K
  class space    used 4833K, capacity 5097K, committed 5120K, reserved 1048576K
}
Event: 43.231 GC heap before
{Heap before GC invocations=9 (full 2):
 PSYoungGen      total 275968K, used 7977K [0x00000000d5580000, 0x00000000eea00000, 0x0000000100000000)
  eden space 260096K, 0% used [0x00000000d5580000,0x00000000d5580000,0x00000000e5380000)
  from space 15872K, 50% used [0x00000000e5380000,0x00000000e5b4a538,0x00000000e6300000)
  to   space 14848K, 0% used [0x00000000edb80000,0x00000000edb80000,0x00000000eea00000)
 ParOldGen       total 60416K, used 11891K [0x0000000080000000, 0x0000000083b00000, 0x00000000d5580000)
  object space 60416K, 19% used [0x0000000080000000,0x0000000080b9cd98,0x0000000083b00000)
 Metaspace       used 34301K, capacity 35444K, committed 35496K, reserved 1079296K
  class space    used 4833K, capacity 5097K, committed 5120K, reserved 1048576K
Event: 43.328 GC heap after
Heap after GC invocations=9 (full 2):
 PSYoungGen      total 275968K, used 0K [0x00000000d5580000, 0x00000000eea00000, 0x0000000100000000)
  eden space 260096K, 0% used [0x00000000d5580000,0x00000000d5580000,0x00000000e5380000)
  from space 15872K, 0% used [0x00000000e5380000,0x00000000e5380000,0x00000000e6300000)
  to   space 14848K, 0% used [0x00000000edb80000,0x00000000edb80000,0x00000000eea00000)
 ParOldGen       total 76288K, used 14381K [0x0000000080000000, 0x0000000084a80000, 0x00000000d5580000)
  object space 76288K, 18% used [0x0000000080000000,0x0000000080e0b470,0x0000000084a80000)
 Metaspace       used 34301K, capacity 35444K, committed 35496K, reserved 1079296K
  class space    used 4833K, capacity 5097K, committed 5120K, reserved 1048576K
}
Event: 105.866 GC heap before
{Heap before GC invocations=10 (full 2):
 PSYoungGen      total 275968K, used 260096K [0x00000000d5580000, 0x00000000eea00000, 0x0000000100000000)
  eden space 260096K, 100% used [0x00000000d5580000,0x00000000e5380000,0x00000000e5380000)
  from space 15872K, 0% used [0x00000000e5380000,0x00000000e5380000,0x00000000e6300000)
  to   space 14848K, 0% used [0x00000000edb80000,0x00000000edb80000,0x00000000eea00000)
 ParOldGen       total 76288K, used 14381K [0x0000000080000000, 0x0000000084a80000, 0x00000000d5580000)
  object space 76288K, 18% used [0x0000000080000000,0x0000000080e0b470,0x0000000084a80000)
 Metaspace       used 50694K, capacity 52584K, committed 52864K, reserved 1095680K
  class space    used 6929K, capacity 7290K, committed 7296K, reserved 1048576K
Event: 105.904 GC heap after
Heap after GC invocations=10 (full 2):
 PSYoungGen      total 393728K, used 14840K [0x00000000d5580000, 0x00000000f1f00000, 0x0000000100000000)
  eden space 378880K, 0% used [0x00000000d5580000,0x00000000d5580000,0x00000000ec780000)
  from space 14848K, 99% used [0x00000000edb80000,0x00000000ee9fe0b8,0x00000000eea00000)
  to   space 20480K, 0% used [0x00000000ec780000,0x00000000ec780000,0x00000000edb80000)
 ParOldGen       total 76288K, used 21903K [0x0000000080000000, 0x0000000084a80000, 0x00000000d5580000)
  object space 76288K, 28% used [0x0000000080000000,0x0000000081563d68,0x0000000084a80000)
 Metaspace       used 50694K, capacity 52584K, committed 52864K, reserved 1095680K
  class space    used 6929K, capacity 7290K, committed 7296K, reserved 1048576K
}
Event: 117.319 GC heap before
{Heap before GC invocations=11 (full 2):
 PSYoungGen      total 393728K, used 109729K [0x00000000d5580000, 0x00000000f1f00000, 0x0000000100000000)
  eden space 378880K, 25% used [0x00000000d5580000,0x00000000db22a6c0,0x00000000ec780000)
  from space 14848K, 99% used [0x00000000edb80000,0x00000000ee9fe0b8,0x00000000eea00000)
  to   space 20480K, 0% used [0x00000000ec780000,0x00000000ec780000,0x00000000edb80000)
 ParOldGen       total 76288K, used 21903K [0x0000000080000000, 0x0000000084a80000, 0x00000000d5580000)
  object space 76288K, 28% used [0x0000000080000000,0x0000000081563d68,0x0000000084a80000)
 Metaspace       used 56750K, capacity 59054K, committed 59136K, reserved 1099776K
  class space    used 7937K, capacity 8422K, committed 8448K, reserved 1048576K
Event: 117.352 GC heap after
Heap after GC invocations=11 (full 2):
 PSYoungGen      total 399360K, used 20451K [0x00000000d5580000, 0x00000000f7b00000, 0x0000000100000000)
  eden space 378880K, 0% used [0x00000000d5580000,0x00000000d5580000,0x00000000ec780000)
  from space 20480K, 99% used [0x00000000ec780000,0x00000000edb78ec0,0x00000000edb80000)
  to   space 24064K, 0% used [0x00000000f6380000,0x00000000f6380000,0x00000000f7b00000)
 ParOldGen       total 76288K, used 22465K [0x0000000080000000, 0x0000000084a80000, 0x00000000d5580000)
  object space 76288K, 29% used [0x0000000080000000,0x00000000815f0480,0x0000000084a80000)
 Metaspace       used 56750K, capacity 59054K, committed 59136K, reserved 1099776K
  class space    used 7937K, capacity 8422K, committed 8448K, reserved 1048576K
}
Event: 117.352 GC heap before
{Heap before GC invocations=12 (full 3):
 PSYoungGen      total 399360K, used 20451K [0x00000000d5580000, 0x00000000f7b00000, 0x0000000100000000)
  eden space 378880K, 0% used [0x00000000d5580000,0x00000000d5580000,0x00000000ec780000)
  from space 20480K, 99% used [0x00000000ec780000,0x00000000edb78ec0,0x00000000edb80000)
  to   space 24064K, 0% used [0x00000000f6380000,0x00000000f6380000,0x00000000f7b00000)
 ParOldGen       total 76288K, used 22465K [0x0000000080000000, 0x0000000084a80000, 0x00000000d5580000)
  object space 76288K, 29% used [0x0000000080000000,0x00000000815f0480,0x0000000084a80000)
 Metaspace       used 56750K, capacity 59054K, committed 59136K, reserved 1099776K
  class space    used 7937K, capacity 8422K, committed 8448K, reserved 1048576K
Event: 117.728 GC heap after
Heap after GC invocations=12 (full 3):
 PSYoungGen      total 399360K, used 0K [0x00000000d5580000, 0x00000000f7b00000, 0x0000000100000000)
  eden space 378880K, 0% used [0x00000000d5580000,0x00000000d5580000,0x00000000ec780000)
  from space 20480K, 0% used [0x00000000ec780000,0x00000000ec780000,0x00000000edb80000)
  to   space 24064K, 0% used [0x00000000f6380000,0x00000000f6380000,0x00000000f7b00000)
 ParOldGen       total 110592K, used 33131K [0x0000000080000000, 0x0000000086c00000, 0x00000000d5580000)
  object space 110592K, 29% used [0x0000000080000000,0x000000008205ac50,0x0000000086c00000)
 Metaspace       used 56736K, capacity 59006K, committed 59136K, reserved 1099776K
  class space    used 7932K, capacity 8414K, committed 8448K, reserved 1048576K
}

