# JRE version: Java(TM) SE Runtime Environment (8.0_251-b08) (build 1.8.0_251-b08)
# Java VM: Java HotSpot(TM) 64-Bit Server VM (25.251-b08 mixed mode windows-amd64 compressed oops)
Heap:
 PSYoungGen      total 303104K, used 281713K [0x00000000d5580000, 0x00000000ee280000, 0x0000000100000000)
  eden space 245760K, 96% used [0x00000000d5580000,0x00000000e3dfb350,0x00000000e4580000)
  from space 57344K, 76% used [0x00000000e4580000,0x00000000e7021290,0x00000000e7d80000)
  to   space 61952K, 0% used [0x00000000ea600000,0x00000000ea600000,0x00000000ee280000)
 ParOldGen       total 245760K, used 133879K [0x0000000080000000, 0x000000008f000000, 0x00000000d5580000)
  object space 245760K, 54% used [0x0000000080000000,0x00000000882bde30,0x000000008f000000)
 Metaspace       used 95201K, capacity 100312K, committed 100352K, reserved 1136640K
  class space    used 12618K, capacity 13550K, committed 13568K, reserved 1048576K
GC Heap History (10 events):
Event: 725.720 GC heap before
{Heap before GC invocations=23 (full 3):
 PSYoungGen      total 244224K, used 244209K [0x00000000d5580000, 0x00000000e6180000, 0x0000000100000000)
  eden space 222208K, 100% used [0x00000000d5580000,0x00000000e2e80000,0x00000000e2e80000)
  from space 22016K, 99% used [0x00000000e3700000,0x00000000e4c7c440,0x00000000e4c80000)
  to   space 21504K, 0% used [0x00000000e4c80000,0x00000000e4c80000,0x00000000e6180000)
 ParOldGen       total 104960K, used 56445K [0x0000000080000000, 0x0000000086680000, 0x00000000d5580000)
  object space 104960K, 53% used [0x0000000080000000,0x000000008371f560,0x0000000086680000)
 Metaspace       used 85498K, capacity 89658K, committed 89728K, reserved 1126400K
  class space    used 11367K, capacity 12099K, committed 12160K, reserved 1048576K
Event: 725.774 GC heap after
Heap after GC invocations=23 (full 3):
 PSYoungGen      total 235520K, used 21472K [0x00000000d5580000, 0x00000000e7180000, 0x0000000100000000)
  eden space 214016K, 0% used [0x00000000d5580000,0x00000000d5580000,0x00000000e2680000)
  from space 21504K, 99% used [0x00000000e4c80000,0x00000000e61782b0,0x00000000e6180000)
  to   space 38400K, 0% used [0x00000000e2680000,0x00000000e2680000,0x00000000e4c00000)
 ParOldGen       total 104960K, used 83994K [0x0000000080000000, 0x0000000086680000, 0x00000000d5580000)
  object space 104960K, 80% used [0x0000000080000000,0x00000000852068e8,0x0000000086680000)
 Metaspace       used 85498K, capacity 89658K, committed 89728K, reserved 1126400K
  class space    used 11367K, capacity 12099K, committed 12160K, reserved 1048576K
}
Event: 731.329 GC heap before
{Heap before GC invocations=24 (full 3):
 PSYoungGen      total 235520K, used 235488K [0x00000000d5580000, 0x00000000e7180000, 0x0000000100000000)
  eden space 214016K, 100% used [0x00000000d5580000,0x00000000e2680000,0x00000000e2680000)
  from space 21504K, 99% used [0x00000000e4c80000,0x00000000e61782b0,0x00000000e6180000)
  to   space 38400K, 0% used [0x00000000e2680000,0x00000000e2680000,0x00000000e4c00000)
 ParOldGen       total 104960K, used 83994K [0x0000000080000000, 0x0000000086680000, 0x00000000d5580000)
  object space 104960K, 80% used [0x0000000080000000,0x00000000852068e8,0x0000000086680000)
 Metaspace       used 93032K, capacity 98152K, committed 98304K, reserved 1134592K
  class space    used 12576K, capacity 13518K, committed 13568K, reserved 1048576K
Event: 731.498 GC heap after
Heap after GC invocations=24 (full 3):
 PSYoungGen      total 252416K, used 38393K [0x00000000d5580000, 0x00000000eba00000, 0x0000000100000000)
  eden space 214016K, 0% used [0x00000000d5580000,0x00000000d5580000,0x00000000e2680000)
  from space 38400K, 99% used [0x00000000e2680000,0x00000000e4bfe778,0x00000000e4c00000)
  to   space 60928K, 0% used [0x00000000e7e80000,0x00000000e7e80000,0x00000000eba00000)
 ParOldGen       total 126976K, used 126957K [0x0000000080000000, 0x0000000087c00000, 0x00000000d5580000)
  object space 126976K, 99% used [0x0000000080000000,0x0000000087bfb570,0x0000000087c00000)
 Metaspace       used 93032K, capacity 98152K, committed 98304K, reserved 1134592K
  class space    used 12576K, capacity 13518K, committed 13568K, reserved 1048576K
}
Event: 731.498 GC heap before
{Heap before GC invocations=25 (full 4):
 PSYoungGen      total 252416K, used 38393K [0x00000000d5580000, 0x00000000eba00000, 0x0000000100000000)
  eden space 214016K, 0% used [0x00000000d5580000,0x00000000d5580000,0x00000000e2680000)
  from space 38400K, 99% used [0x00000000e2680000,0x00000000e4bfe778,0x00000000e4c00000)
  to   space 60928K, 0% used [0x00000000e7e80000,0x00000000e7e80000,0x00000000eba00000)
 ParOldGen       total 126976K, used 126957K [0x0000000080000000, 0x0000000087c00000, 0x00000000d5580000)
  object space 126976K, 99% used [0x0000000080000000,0x0000000087bfb570,0x0000000087c00000)
 Metaspace       used 93032K, capacity 98152K, committed 98304K, reserved 1134592K
  class space    used 12576K, capacity 13518K, committed 13568K, reserved 1048576K
Event: 732.441 GC heap after
Heap after GC invocations=25 (full 4):
 PSYoungGen      total 252416K, used 9713K [0x00000000d5580000, 0x00000000eba00000, 0x0000000100000000)
  eden space 214016K, 0% used [0x00000000d5580000,0x00000000d5580000,0x00000000e2680000)
  from space 38400K, 25% used [0x00000000e2680000,0x00000000e2ffc7f8,0x00000000e4c00000)
  to   space 60928K, 0% used [0x00000000e7e80000,0x00000000e7e80000,0x00000000eba00000)
 ParOldGen       total 245760K, used 126833K [0x0000000080000000, 0x000000008f000000, 0x00000000d5580000)
  object space 245760K, 51% used [0x0000000080000000,0x0000000087bdc4f0,0x000000008f000000)
 Metaspace       used 92900K, capacity 97780K, committed 98304K, reserved 1134592K
  class space    used 12532K, capacity 13442K, committed 13568K, reserved 1048576K
}
Event: 749.623 GC heap before
{Heap before GC invocations=26 (full 4):
 PSYoungGen      total 252416K, used 223729K [0x00000000d5580000, 0x00000000eba00000, 0x0000000100000000)
  eden space 214016K, 100% used [0x00000000d5580000,0x00000000e2680000,0x00000000e2680000)
  from space 38400K, 25% used [0x00000000e2680000,0x00000000e2ffc7f8,0x00000000e4c00000)
  to   space 60928K, 0% used [0x00000000e7e80000,0x00000000e7e80000,0x00000000eba00000)
 ParOldGen       total 245760K, used 126833K [0x0000000080000000, 0x000000008f000000, 0x00000000d5580000)
  object space 245760K, 51% used [0x0000000080000000,0x0000000087bdc4f0,0x000000008f000000)
 Metaspace       used 93455K, capacity 98434K, committed 98560K, reserved 1134592K
  class space    used 12566K, capacity 13495K, committed 13568K, reserved 1048576K
Event: 749.729 GC heap after
Heap after GC invocations=26 (full 4):
 PSYoungGen      total 302080K, used 18457K [0x00000000d5580000, 0x00000000eb580000, 0x0000000100000000)
  eden space 245760K, 0% used [0x00000000d5580000,0x00000000d5580000,0x00000000e4580000)
  from space 56320K, 32% used [0x00000000e7e80000,0x00000000e90867b0,0x00000000eb580000)
  to   space 57344K, 0% used [0x00000000e4580000,0x00000000e4580000,0x00000000e7d80000)
 ParOldGen       total 245760K, used 133871K [0x0000000080000000, 0x000000008f000000, 0x00000000d5580000)
  object space 245760K, 54% used [0x0000000080000000,0x00000000882bbe30,0x000000008f000000)
 Metaspace       used 93455K, capacity 98434K, committed 98560K, reserved 1134592K
  class space    used 12566K, capacity 13495K, committed 13568K, reserved 1048576K
}
Event: 755.978 GC heap before
{Heap before GC invocations=27 (full 4):
 PSYoungGen      total 302080K, used 264217K [0x00000000d5580000, 0x00000000eb580000, 0x0000000100000000)
  eden space 245760K, 100% used [0x00000000d5580000,0x00000000e4580000,0x00000000e4580000)
  from space 56320K, 32% used [0x00000000e7e80000,0x00000000e90867b0,0x00000000eb580000)
  to   space 57344K, 0% used [0x00000000e4580000,0x00000000e4580000,0x00000000e7d80000)
 ParOldGen       total 245760K, used 133871K [0x0000000080000000, 0x000000008f000000, 0x00000000d5580000)
  object space 245760K, 54% used [0x0000000080000000,0x00000000882bbe30,0x000000008f000000)
 Metaspace       used 95039K, capacity 100130K, committed 100352K, reserved 1136640K
  class space    used 12613K, capacity 13541K, committed 13568K, reserved 1048576K
Event: 756.054 GC heap after
Heap after GC invocations=27 (full 4):
 PSYoungGen      total 303104K, used 43652K [0x00000000d5580000, 0x00000000ee280000, 0x0000000100000000)
  eden space 245760K, 0% used [0x00000000d5580000,0x00000000d5580000,0x00000000e4580000)
  from space 57344K, 76% used [0x00000000e4580000,0x00000000e7021290,0x00000000e7d80000)
  to   space 61952K, 0% used [0x00000000ea600000,0x00000000ea600000,0x00000000ee280000)
 ParOldGen       total 245760K, used 133879K [0x0000000080000000, 0x000000008f000000, 0x00000000d5580000)
  object space 245760K, 54% used [0x0000000080000000,0x00000000882bde30,0x000000008f000000)
 Metaspace       used 95039K, capacity 100130K, committed 100352K, reserved 1136640K
  class space    used 12613K, capacity 13541K, committed 13568K, reserved 1048576K
}

