# JRE version: Java(TM) SE Runtime Environment (8.0_251-b08) (build 1.8.0_251-b08)
# Java VM: Java HotSpot(TM) 64-Bit Server VM (25.251-b08 mixed mode windows-amd64 compressed oops)
Heap:
 PSYoungGen      total 50688K, used 45247K [0x00000000d5580000, 0x00000000d9c00000, 0x0000000100000000)
  eden space 39936K, 93% used [0x00000000d5580000,0x00000000d79ebf10,0x00000000d7c80000)
  from space 10752K, 73% used [0x00000000d7c80000,0x00000000d8443d80,0x00000000d8700000)
  to   space 11264K, 0% used [0x00000000d9100000,0x00000000d9100000,0x00000000d9c00000)
 ParOldGen       total 64512K, used 9216K [0x0000000080000000, 0x0000000083f00000, 0x00000000d5580000)
  object space 64512K, 14% used [0x0000000080000000,0x0000000080900298,0x0000000083f00000)
 Metaspace       used 32885K, capacity 34059K, committed 34176K, reserved 1079296K
  class space    used 4574K, capacity 4903K, committed 4992K, reserved 1048576K
GC Heap History (10 events):
Event: 9.986 GC heap before
{Heap before GC invocations=6 (full 0):
 PSYoungGen      total 38400K, used 36420K [0x00000000d5580000, 0x00000000d8000000, 0x0000000100000000)
  eden space 33280K, 94% used [0x00000000d5580000,0x00000000d7411010,0x00000000d7600000)
  from space 5120K, 100% used [0x00000000d7600000,0x00000000d7b00000,0x00000000d7b00000)
  to   space 5120K, 0% used [0x00000000d7b00000,0x00000000d7b00000,0x00000000d8000000)
 ParOldGen       total 87552K, used 6435K [0x0000000080000000, 0x0000000085580000, 0x00000000d5580000)
  object space 87552K, 7% used [0x0000000080000000,0x0000000080648c60,0x0000000085580000)
 Metaspace       used 20524K, capacity 21253K, committed 21296K, reserved 1067008K
  class space    used 2937K, capacity 3157K, committed 3200K, reserved 1048576K
Event: 9.998 GC heap after
Heap after GC invocations=6 (full 0):
 PSYoungGen      total 32768K, used 5092K [0x00000000d5580000, 0x00000000d8a80000, 0x0000000100000000)
  eden space 27648K, 0% used [0x00000000d5580000,0x00000000d5580000,0x00000000d7080000)
  from space 5120K, 99% used [0x00000000d7b00000,0x00000000d7ff9050,0x00000000d8000000)
  to   space 10752K, 0% used [0x00000000d7080000,0x00000000d7080000,0x00000000d7b00000)
 ParOldGen       total 87552K, used 9886K [0x0000000080000000, 0x0000000085580000, 0x00000000d5580000)
  object space 87552K, 11% used [0x0000000080000000,0x00000000809a79d0,0x0000000085580000)
 Metaspace       used 20524K, capacity 21253K, committed 21296K, reserved 1067008K
  class space    used 2937K, capacity 3157K, committed 3200K, reserved 1048576K
}
Event: 10.058 GC heap before
{Heap before GC invocations=7 (full 1):
 PSYoungGen      total 32768K, used 5092K [0x00000000d5580000, 0x00000000d8a80000, 0x0000000100000000)
  eden space 27648K, 0% used [0x00000000d5580000,0x00000000d5580000,0x00000000d7080000)
  from space 5120K, 99% used [0x00000000d7b00000,0x00000000d7ff9050,0x00000000d8000000)
  to   space 10752K, 0% used [0x00000000d7080000,0x00000000d7080000,0x00000000d7b00000)
 ParOldGen       total 87552K, used 9886K [0x0000000080000000, 0x0000000085580000, 0x00000000d5580000)
  object space 87552K, 11% used [0x0000000080000000,0x00000000809a79d0,0x0000000085580000)
 Metaspace       used 20524K, capacity 21253K, committed 21296K, reserved 1067008K
  class space    used 2937K, capacity 3157K, committed 3200K, reserved 1048576K
Event: 10.161 GC heap after
Heap after GC invocations=7 (full 1):
 PSYoungGen      total 32768K, used 0K [0x00000000d5580000, 0x00000000d8a80000, 0x0000000100000000)
  eden space 27648K, 0% used [0x00000000d5580000,0x00000000d5580000,0x00000000d7080000)
  from space 5120K, 0% used [0x00000000d7b00000,0x00000000d7b00000,0x00000000d8000000)
  to   space 10752K, 0% used [0x00000000d7080000,0x00000000d7080000,0x00000000d7b00000)
 ParOldGen       total 64512K, used 9192K [0x0000000080000000, 0x0000000083f00000, 0x00000000d5580000)
  object space 64512K, 14% used [0x0000000080000000,0x00000000808fa298,0x0000000083f00000)
 Metaspace       used 20524K, capacity 21253K, committed 21296K, reserved 1067008K
  class space    used 2937K, capacity 3157K, committed 3200K, reserved 1048576K
}
Event: 12.914 GC heap before
{Heap before GC invocations=8 (full 1):
 PSYoungGen      total 32768K, used 27648K [0x00000000d5580000, 0x00000000d8a80000, 0x0000000100000000)
  eden space 27648K, 100% used [0x00000000d5580000,0x00000000d7080000,0x00000000d7080000)
  from space 5120K, 0% used [0x00000000d7b00000,0x00000000d7b00000,0x00000000d8000000)
  to   space 10752K, 0% used [0x00000000d7080000,0x00000000d7080000,0x00000000d7b00000)
 ParOldGen       total 64512K, used 9192K [0x0000000080000000, 0x0000000083f00000, 0x00000000d5580000)
  object space 64512K, 14% used [0x0000000080000000,0x00000000808fa298,0x0000000083f00000)
 Metaspace       used 22046K, capacity 22867K, committed 23168K, reserved 1069056K
  class space    used 3191K, capacity 3406K, committed 3456K, reserved 1048576K
Event: 12.918 GC heap after
Heap after GC invocations=8 (full 1):
 PSYoungGen      total 38400K, used 2425K [0x00000000d5580000, 0x00000000d9200000, 0x0000000100000000)
  eden space 27648K, 0% used [0x00000000d5580000,0x00000000d5580000,0x00000000d7080000)
  from space 10752K, 22% used [0x00000000d7080000,0x00000000d72de440,0x00000000d7b00000)
  to   space 11264K, 0% used [0x00000000d8700000,0x00000000d8700000,0x00000000d9200000)
 ParOldGen       total 64512K, used 9200K [0x0000000080000000, 0x0000000083f00000, 0x00000000d5580000)
  object space 64512K, 14% used [0x0000000080000000,0x00000000808fc298,0x0000000083f00000)
 Metaspace       used 22046K, capacity 22867K, committed 23168K, reserved 1069056K
  class space    used 3191K, capacity 3406K, committed 3456K, reserved 1048576K
}
Event: 13.707 GC heap before
{Heap before GC invocations=9 (full 1):
 PSYoungGen      total 38400K, used 30073K [0x00000000d5580000, 0x00000000d9200000, 0x0000000100000000)
  eden space 27648K, 100% used [0x00000000d5580000,0x00000000d7080000,0x00000000d7080000)
  from space 10752K, 22% used [0x00000000d7080000,0x00000000d72de440,0x00000000d7b00000)
  to   space 11264K, 0% used [0x00000000d8700000,0x00000000d8700000,0x00000000d9200000)
 ParOldGen       total 64512K, used 9200K [0x0000000080000000, 0x0000000083f00000, 0x00000000d5580000)
  object space 64512K, 14% used [0x0000000080000000,0x00000000808fc298,0x0000000083f00000)
 Metaspace       used 23942K, capacity 24921K, committed 25088K, reserved 1071104K
  class space    used 3498K, capacity 3759K, committed 3840K, reserved 1048576K
Event: 13.714 GC heap after
Heap after GC invocations=9 (full 1):
 PSYoungGen      total 50688K, used 3630K [0x00000000d5580000, 0x00000000d9180000, 0x0000000100000000)
  eden space 39936K, 0% used [0x00000000d5580000,0x00000000d5580000,0x00000000d7c80000)
  from space 10752K, 33% used [0x00000000d8700000,0x00000000d8a8bad0,0x00000000d9180000)
  to   space 10752K, 0% used [0x00000000d7c80000,0x00000000d7c80000,0x00000000d8700000)
 ParOldGen       total 64512K, used 9208K [0x0000000080000000, 0x0000000083f00000, 0x00000000d5580000)
  object space 64512K, 14% used [0x0000000080000000,0x00000000808fe298,0x0000000083f00000)
 Metaspace       used 23942K, capacity 24921K, committed 25088K, reserved 1071104K
  class space    used 3498K, capacity 3759K, committed 3840K, reserved 1048576K
}
Event: 16.320 GC heap before
{Heap before GC invocations=10 (full 1):
 PSYoungGen      total 50688K, used 43566K [0x00000000d5580000, 0x00000000d9180000, 0x0000000100000000)
  eden space 39936K, 100% used [0x00000000d5580000,0x00000000d7c80000,0x00000000d7c80000)
  from space 10752K, 33% used [0x00000000d8700000,0x00000000d8a8bad0,0x00000000d9180000)
  to   space 10752K, 0% used [0x00000000d7c80000,0x00000000d7c80000,0x00000000d8700000)
 ParOldGen       total 64512K, used 9208K [0x0000000080000000, 0x0000000083f00000, 0x00000000d5580000)
  object space 64512K, 14% used [0x0000000080000000,0x00000000808fe298,0x0000000083f00000)
 Metaspace       used 30954K, capacity 32037K, committed 32256K, reserved 1077248K
  class space    used 4265K, capacity 4540K, committed 4608K, reserved 1048576K
Event: 16.331 GC heap after
Heap after GC invocations=10 (full 1):
 PSYoungGen      total 50688K, used 7951K [0x00000000d5580000, 0x00000000d9c00000, 0x0000000100000000)
  eden space 39936K, 0% used [0x00000000d5580000,0x00000000d5580000,0x00000000d7c80000)
  from space 10752K, 73% used [0x00000000d7c80000,0x00000000d8443d80,0x00000000d8700000)
  to   space 11264K, 0% used [0x00000000d9100000,0x00000000d9100000,0x00000000d9c00000)
 ParOldGen       total 64512K, used 9216K [0x0000000080000000, 0x0000000083f00000, 0x00000000d5580000)
  object space 64512K, 14% used [0x0000000080000000,0x0000000080900298,0x0000000083f00000)
 Metaspace       used 30954K, capacity 32037K, committed 32256K, reserved 1077248K
  class space    used 4265K, capacity 4540K, committed 4608K, reserved 1048576K
}

