# JRE version: Java(TM) SE Runtime Environment (8.0_251-b08) (build 1.8.0_251-b08)
# Java VM: Java HotSpot(TM) 64-Bit Server VM (25.251-b08 mixed mode windows-amd64 compressed oops)
Heap:
 PSYoungGen      total 403968K, used 37262K [0x00000000d5580000, 0x00000000f0d80000, 0x0000000100000000)
  eden space 372736K, 8% used [0x00000000d5580000,0x00000000d738f3b0,0x00000000ec180000)
  from space 31232K, 20% used [0x00000000ec180000,0x00000000ec7d4660,0x00000000ee000000)
  to   space 24576K, 0% used [0x00000000ee000000,0x00000000ee000000,0x00000000ef800000)
 ParOldGen       total 120832K, used 85664K [0x0000000080000000, 0x0000000087600000, 0x00000000d5580000)
  object space 120832K, 70% used [0x0000000080000000,0x00000000853a8288,0x0000000087600000)
 Metaspace       used 78621K, capacity 82722K, committed 84352K, reserved 1122304K
  class space    used 10939K, capacity 11718K, committed 12160K, reserved 1048576K
GC Heap History (10 events):
Event: 90.451 GC heap before
{Heap before GC invocations=27 (full 3):
 PSYoungGen      total 281600K, used 258933K [0x00000000d5580000, 0x00000000ec580000, 0x0000000100000000)
  eden space 254464K, 100% used [0x00000000d5580000,0x00000000e4e00000,0x00000000e4e00000)
  from space 27136K, 16% used [0x00000000e4e00000,0x00000000e525d4a8,0x00000000e6880000)
  to   space 26624K, 0% used [0x00000000eab80000,0x00000000eab80000,0x00000000ec580000)
 ParOldGen       total 120832K, used 95370K [0x0000000080000000, 0x0000000087600000, 0x00000000d5580000)
  object space 120832K, 78% used [0x0000000080000000,0x0000000085d228f0,0x0000000087600000)
 Metaspace       used 79066K, capacity 83964K, committed 84096K, reserved 1122304K
  class space    used 11165K, capacity 12085K, committed 12160K, reserved 1048576K
Event: 90.482 GC heap after
Heap after GC invocations=27 (full 3):
 PSYoungGen      total 340992K, used 4252K [0x00000000d5580000, 0x00000000ec080000, 0x0000000100000000)
  eden space 319488K, 0% used [0x00000000d5580000,0x00000000d5580000,0x00000000e8d80000)
  from space 21504K, 19% used [0x00000000eab80000,0x00000000eafa7280,0x00000000ec080000)
  to   space 26112K, 0% used [0x00000000e8d80000,0x00000000e8d80000,0x00000000ea700000)
 ParOldGen       total 120832K, used 98775K [0x0000000080000000, 0x0000000087600000, 0x00000000d5580000)
  object space 120832K, 81% used [0x0000000080000000,0x0000000086075ea8,0x0000000087600000)
 Metaspace       used 79066K, capacity 83964K, committed 84096K, reserved 1122304K
  class space    used 11165K, capacity 12085K, committed 12160K, reserved 1048576K
}
Event: 94.747 GC heap before
{Heap before GC invocations=28 (full 3):
 PSYoungGen      total 340992K, used 323740K [0x00000000d5580000, 0x00000000ec080000, 0x0000000100000000)
  eden space 319488K, 100% used [0x00000000d5580000,0x00000000e8d80000,0x00000000e8d80000)
  from space 21504K, 19% used [0x00000000eab80000,0x00000000eafa7280,0x00000000ec080000)
  to   space 26112K, 0% used [0x00000000e8d80000,0x00000000e8d80000,0x00000000ea700000)
 ParOldGen       total 120832K, used 98775K [0x0000000080000000, 0x0000000087600000, 0x00000000d5580000)
  object space 120832K, 81% used [0x0000000080000000,0x0000000086075ea8,0x0000000087600000)
 Metaspace       used 79189K, capacity 84106K, committed 84352K, reserved 1122304K
  class space    used 11171K, capacity 12124K, committed 12160K, reserved 1048576K
Event: 94.818 GC heap after
Heap after GC invocations=28 (full 3):
 PSYoungGen      total 345600K, used 9942K [0x00000000d5580000, 0x00000000ef800000, 0x0000000100000000)
  eden space 319488K, 0% used [0x00000000d5580000,0x00000000d5580000,0x00000000e8d80000)
  from space 26112K, 38% used [0x00000000e8d80000,0x00000000e9735878,0x00000000ea700000)
  to   space 24576K, 0% used [0x00000000ee000000,0x00000000ee000000,0x00000000ef800000)
 ParOldGen       total 120832K, used 101543K [0x0000000080000000, 0x0000000087600000, 0x00000000d5580000)
  object space 120832K, 84% used [0x0000000080000000,0x0000000086329f60,0x0000000087600000)
 Metaspace       used 79189K, capacity 84106K, committed 84352K, reserved 1122304K
  class space    used 11171K, capacity 12124K, committed 12160K, reserved 1048576K
}
Event: 97.243 GC heap before
{Heap before GC invocations=29 (full 3):
 PSYoungGen      total 345600K, used 329430K [0x00000000d5580000, 0x00000000ef800000, 0x0000000100000000)
  eden space 319488K, 100% used [0x00000000d5580000,0x00000000e8d80000,0x00000000e8d80000)
  from space 26112K, 38% used [0x00000000e8d80000,0x00000000e9735878,0x00000000ea700000)
  to   space 24576K, 0% used [0x00000000ee000000,0x00000000ee000000,0x00000000ef800000)
 ParOldGen       total 120832K, used 101543K [0x0000000080000000, 0x0000000087600000, 0x00000000d5580000)
  object space 120832K, 84% used [0x0000000080000000,0x0000000086329f60,0x0000000087600000)
 Metaspace       used 79259K, capacity 84170K, committed 84352K, reserved 1122304K
  class space    used 11176K, capacity 12132K, committed 12160K, reserved 1048576K
Event: 97.406 GC heap after
Heap after GC invocations=29 (full 3):
 PSYoungGen      total 397312K, used 24557K [0x00000000d5580000, 0x00000000f0d80000, 0x0000000100000000)
  eden space 372736K, 0% used [0x00000000d5580000,0x00000000d5580000,0x00000000ec180000)
  from space 24576K, 99% used [0x00000000ee000000,0x00000000ef7fb680,0x00000000ef800000)
  to   space 31232K, 0% used [0x00000000ec180000,0x00000000ec180000,0x00000000ee000000)
 ParOldGen       total 120832K, used 109320K [0x0000000080000000, 0x0000000087600000, 0x00000000d5580000)
  object space 120832K, 90% used [0x0000000080000000,0x0000000086ac2090,0x0000000087600000)
 Metaspace       used 79259K, capacity 84170K, committed 84352K, reserved 1122304K
  class space    used 11176K, capacity 12132K, committed 12160K, reserved 1048576K
}
Event: 97.407 GC heap before
{Heap before GC invocations=30 (full 4):
 PSYoungGen      total 397312K, used 24557K [0x00000000d5580000, 0x00000000f0d80000, 0x0000000100000000)
  eden space 372736K, 0% used [0x00000000d5580000,0x00000000d5580000,0x00000000ec180000)
  from space 24576K, 99% used [0x00000000ee000000,0x00000000ef7fb680,0x00000000ef800000)
  to   space 31232K, 0% used [0x00000000ec180000,0x00000000ec180000,0x00000000ee000000)
 ParOldGen       total 120832K, used 109320K [0x0000000080000000, 0x0000000087600000, 0x00000000d5580000)
  object space 120832K, 90% used [0x0000000080000000,0x0000000086ac2090,0x0000000087600000)
 Metaspace       used 79259K, capacity 84170K, committed 84352K, reserved 1122304K
  class space    used 11176K, capacity 12132K, committed 12160K, reserved 1048576K
Event: 98.058 GC heap after
Heap after GC invocations=30 (full 4):
 PSYoungGen      total 397312K, used 0K [0x00000000d5580000, 0x00000000f0d80000, 0x0000000100000000)
  eden space 372736K, 0% used [0x00000000d5580000,0x00000000d5580000,0x00000000ec180000)
  from space 24576K, 0% used [0x00000000ee000000,0x00000000ee000000,0x00000000ef800000)
  to   space 31232K, 0% used [0x00000000ec180000,0x00000000ec180000,0x00000000ee000000)
 ParOldGen       total 120832K, used 85664K [0x0000000080000000, 0x0000000087600000, 0x00000000d5580000)
  object space 120832K, 70% used [0x0000000080000000,0x00000000853a8288,0x0000000087600000)
 Metaspace       used 78610K, capacity 82700K, committed 84352K, reserved 1122304K
  class space    used 10937K, capacity 11715K, committed 12160K, reserved 1048576K
}
Event: 101.315 GC heap before
{Heap before GC invocations=31 (full 4):
 PSYoungGen      total 397312K, used 372736K [0x00000000d5580000, 0x00000000f0d80000, 0x0000000100000000)
  eden space 372736K, 100% used [0x00000000d5580000,0x00000000ec180000,0x00000000ec180000)
  from space 24576K, 0% used [0x00000000ee000000,0x00000000ee000000,0x00000000ef800000)
  to   space 31232K, 0% used [0x00000000ec180000,0x00000000ec180000,0x00000000ee000000)
 ParOldGen       total 120832K, used 85664K [0x0000000080000000, 0x0000000087600000, 0x00000000d5580000)
  object space 120832K, 70% used [0x0000000080000000,0x00000000853a8288,0x0000000087600000)
 Metaspace       used 78620K, capacity 82722K, committed 84352K, reserved 1122304K
  class space    used 10939K, capacity 11718K, committed 12160K, reserved 1048576K
Event: 101.360 GC heap after
Heap after GC invocations=31 (full 4):
 PSYoungGen      total 403968K, used 6481K [0x00000000d5580000, 0x00000000f0d80000, 0x0000000100000000)
  eden space 372736K, 0% used [0x00000000d5580000,0x00000000d5580000,0x00000000ec180000)
  from space 31232K, 20% used [0x00000000ec180000,0x00000000ec7d4660,0x00000000ee000000)
  to   space 24576K, 0% used [0x00000000ee000000,0x00000000ee000000,0x00000000ef800000)
 ParOldGen       total 120832K, used 85664K [0x0000000080000000, 0x0000000087600000, 0x00000000d5580000)
  object space 120832K, 70% used [0x0000000080000000,0x00000000853a8288,0x0000000087600000)
 Metaspace       used 78620K, capacity 82722K, committed 84352K, reserved 1122304K
  class space    used 10939K, capacity 11718K, committed 12160K, reserved 1048576K
}

