# JRE version: Java(TM) SE Runtime Environment (8.0_251-b08) (build 1.8.0_251-b08)
# Java VM: Java HotSpot(TM) 64-Bit Server VM (25.251-b08 mixed mode windows-amd64 compressed oops)
Heap:
 PSYoungGen      total 271360K, used 231529K [0x00000000d5580000, 0x00000000e8580000, 0x0000000100000000)
  eden space 242176K, 87% used [0x00000000d5580000,0x00000000e2398590,0x00000000e4200000)
  from space 29184K, 70% used [0x00000000e5f80000,0x00000000e73820f0,0x00000000e7c00000)
  to   space 30208K, 0% used [0x00000000e4200000,0x00000000e4200000,0x00000000e5f80000)
 ParOldGen       total 121344K, used 100540K [0x0000000080000000, 0x0000000087680000, 0x00000000d5580000)
  object space 121344K, 82% used [0x0000000080000000,0x000000008622f310,0x0000000087680000)
 Metaspace       used 84668K, capacity 89186K, committed 91136K, reserved 1128448K
  class space    used 11639K, capacity 12452K, committed 13056K, reserved 1048576K
GC Heap History (10 events):
Event: 211.631 GC heap before
{Heap before GC invocations=34 (full 4):
 PSYoungGen      total 223232K, used 200857K [0x00000000d5580000, 0x00000000e6880000, 0x0000000100000000)
  eden space 188928K, 100% used [0x00000000d5580000,0x00000000e0e00000,0x00000000e0e00000)
  from space 34304K, 34% used [0x00000000e0e00000,0x00000000e19a6418,0x00000000e2f80000)
  to   space 32256K, 0% used [0x00000000e4900000,0x00000000e4900000,0x00000000e6880000)
 ParOldGen       total 121344K, used 87705K [0x0000000080000000, 0x0000000087680000, 0x00000000d5580000)
  object space 121344K, 72% used [0x0000000080000000,0x00000000855a6798,0x0000000087680000)
 Metaspace       used 84373K, capacity 88846K, committed 90880K, reserved 1126400K
  class space    used 11629K, capacity 12440K, committed 13056K, reserved 1048576K
Event: 211.976 GC heap after
Heap after GC invocations=34 (full 4):
 PSYoungGen      total 245248K, used 10144K [0x00000000d5580000, 0x00000000e6580000, 0x0000000100000000)
  eden space 216064K, 0% used [0x00000000d5580000,0x00000000d5580000,0x00000000e2880000)
  from space 29184K, 34% used [0x00000000e4900000,0x00000000e52e8318,0x00000000e6580000)
  to   space 31232K, 0% used [0x00000000e2880000,0x00000000e2880000,0x00000000e4700000)
 ParOldGen       total 121344K, used 92319K [0x0000000080000000, 0x0000000087680000, 0x00000000d5580000)
  object space 121344K, 76% used [0x0000000080000000,0x0000000085a27c20,0x0000000087680000)
 Metaspace       used 84373K, capacity 88846K, committed 90880K, reserved 1126400K
  class space    used 11629K, capacity 12440K, committed 13056K, reserved 1048576K
}
Event: 220.748 GC heap before
{Heap before GC invocations=35 (full 4):
 PSYoungGen      total 245248K, used 226208K [0x00000000d5580000, 0x00000000e6580000, 0x0000000100000000)
  eden space 216064K, 100% used [0x00000000d5580000,0x00000000e2880000,0x00000000e2880000)
  from space 29184K, 34% used [0x00000000e4900000,0x00000000e52e8318,0x00000000e6580000)
  to   space 31232K, 0% used [0x00000000e2880000,0x00000000e2880000,0x00000000e4700000)
 ParOldGen       total 121344K, used 92319K [0x0000000080000000, 0x0000000087680000, 0x00000000d5580000)
  object space 121344K, 76% used [0x0000000080000000,0x0000000085a27c20,0x0000000087680000)
 Metaspace       used 84397K, capacity 88880K, committed 90880K, reserved 1126400K
  class space    used 11635K, capacity 12447K, committed 13056K, reserved 1048576K
Event: 220.838 GC heap after
Heap after GC invocations=35 (full 4):
 PSYoungGen      total 247296K, used 13073K [0x00000000d5580000, 0x00000000e7c00000, 0x0000000100000000)
  eden space 216064K, 0% used [0x00000000d5580000,0x00000000d5580000,0x00000000e2880000)
  from space 31232K, 41% used [0x00000000e2880000,0x00000000e35447c8,0x00000000e4700000)
  to   space 29184K, 0% used [0x00000000e5f80000,0x00000000e5f80000,0x00000000e7c00000)
 ParOldGen       total 121344K, used 92319K [0x0000000080000000, 0x0000000087680000, 0x00000000d5580000)
  object space 121344K, 76% used [0x0000000080000000,0x0000000085a27c20,0x0000000087680000)
 Metaspace       used 84397K, capacity 88880K, committed 90880K, reserved 1126400K
  class space    used 11635K, capacity 12447K, committed 13056K, reserved 1048576K
}
Event: 226.511 GC heap before
{Heap before GC invocations=36 (full 4):
 PSYoungGen      total 247296K, used 229137K [0x00000000d5580000, 0x00000000e7c00000, 0x0000000100000000)
  eden space 216064K, 100% used [0x00000000d5580000,0x00000000e2880000,0x00000000e2880000)
  from space 31232K, 41% used [0x00000000e2880000,0x00000000e35447c8,0x00000000e4700000)
  to   space 29184K, 0% used [0x00000000e5f80000,0x00000000e5f80000,0x00000000e7c00000)
 ParOldGen       total 121344K, used 92319K [0x0000000080000000, 0x0000000087680000, 0x00000000d5580000)
  object space 121344K, 76% used [0x0000000080000000,0x0000000085a27c20,0x0000000087680000)
 Metaspace       used 84418K, capacity 88968K, committed 90880K, reserved 1126400K
  class space    used 11638K, capacity 12451K, committed 13056K, reserved 1048576K
Event: 227.707 GC heap after
Heap after GC invocations=36 (full 4):
 PSYoungGen      total 271360K, used 18864K [0x00000000d5580000, 0x00000000e8580000, 0x0000000100000000)
  eden space 242176K, 0% used [0x00000000d5580000,0x00000000d5580000,0x00000000e4200000)
  from space 29184K, 64% used [0x00000000e5f80000,0x00000000e71ec308,0x00000000e7c00000)
  to   space 30208K, 0% used [0x00000000e4200000,0x00000000e4200000,0x00000000e5f80000)
 ParOldGen       total 121344K, used 92319K [0x0000000080000000, 0x0000000087680000, 0x00000000d5580000)
  object space 121344K, 76% used [0x0000000080000000,0x0000000085a27c20,0x0000000087680000)
 Metaspace       used 84418K, capacity 88968K, committed 90880K, reserved 1126400K
  class space    used 11638K, capacity 12451K, committed 13056K, reserved 1048576K
}
Event: 229.956 GC heap before
{Heap before GC invocations=37 (full 4):
 PSYoungGen      total 271360K, used 261040K [0x00000000d5580000, 0x00000000e8580000, 0x0000000100000000)
  eden space 242176K, 100% used [0x00000000d5580000,0x00000000e4200000,0x00000000e4200000)
  from space 29184K, 64% used [0x00000000e5f80000,0x00000000e71ec308,0x00000000e7c00000)
  to   space 30208K, 0% used [0x00000000e4200000,0x00000000e4200000,0x00000000e5f80000)
 ParOldGen       total 121344K, used 92319K [0x0000000080000000, 0x0000000087680000, 0x00000000d5580000)
  object space 121344K, 76% used [0x0000000080000000,0x0000000085a27c20,0x0000000087680000)
 Metaspace       used 84457K, capacity 88974K, committed 90880K, reserved 1126400K
  class space    used 11639K, capacity 12452K, committed 13056K, reserved 1048576K
Event: 230.076 GC heap after
Heap after GC invocations=37 (full 4):
 PSYoungGen      total 272384K, used 23648K [0x00000000d5580000, 0x00000000e8580000, 0x0000000100000000)
  eden space 242176K, 0% used [0x00000000d5580000,0x00000000d5580000,0x00000000e4200000)
  from space 30208K, 78% used [0x00000000e4200000,0x00000000e59181c0,0x00000000e5f80000)
  to   space 29184K, 0% used [0x00000000e5f80000,0x00000000e5f80000,0x00000000e7c00000)
 ParOldGen       total 121344K, used 97678K [0x0000000080000000, 0x0000000087680000, 0x00000000d5580000)
  object space 121344K, 80% used [0x0000000080000000,0x0000000085f63878,0x0000000087680000)
 Metaspace       used 84457K, capacity 88974K, committed 90880K, reserved 1126400K
  class space    used 11639K, capacity 12452K, committed 13056K, reserved 1048576K
}
Event: 232.201 GC heap before
{Heap before GC invocations=38 (full 4):
 PSYoungGen      total 272384K, used 265824K [0x00000000d5580000, 0x00000000e8580000, 0x0000000100000000)
  eden space 242176K, 100% used [0x00000000d5580000,0x00000000e4200000,0x00000000e4200000)
  from space 30208K, 78% used [0x00000000e4200000,0x00000000e59181c0,0x00000000e5f80000)
  to   space 29184K, 0% used [0x00000000e5f80000,0x00000000e5f80000,0x00000000e7c00000)
 ParOldGen       total 121344K, used 97678K [0x0000000080000000, 0x0000000087680000, 0x00000000d5580000)
  object space 121344K, 80% used [0x0000000080000000,0x0000000085f63878,0x0000000087680000)
 Metaspace       used 84543K, capacity 89046K, committed 90880K, reserved 1126400K
  class space    used 11639K, capacity 12452K, committed 13056K, reserved 1048576K
Event: 232.280 GC heap after
Heap after GC invocations=38 (full 4):
 PSYoungGen      total 271360K, used 20488K [0x00000000d5580000, 0x00000000e8580000, 0x0000000100000000)
  eden space 242176K, 0% used [0x00000000d5580000,0x00000000d5580000,0x00000000e4200000)
  from space 29184K, 70% used [0x00000000e5f80000,0x00000000e73820f0,0x00000000e7c00000)
  to   space 30208K, 0% used [0x00000000e4200000,0x00000000e4200000,0x00000000e5f80000)
 ParOldGen       total 121344K, used 100540K [0x0000000080000000, 0x0000000087680000, 0x00000000d5580000)
  object space 121344K, 82% used [0x0000000080000000,0x000000008622f310,0x0000000087680000)
 Metaspace       used 84543K, capacity 89046K, committed 90880K, reserved 1126400K
  class space    used 11639K, capacity 12452K, committed 13056K, reserved 1048576K
}

