# JRE version: Java(TM) SE Runtime Environment (8.0_251-b08) (build 1.8.0_251-b08)
# Java VM: Java HotSpot(TM) 64-Bit Server VM (25.251-b08 mixed mode windows-amd64 compressed oops)
Heap:
 PSYoungGen      total 195072K, used 53031K [0x00000000d5580000, 0x00000000e8080000, 0x0000000100000000)
  eden space 182272K, 22% used [0x00000000d5580000,0x00000000d7cd1350,0x00000000e0780000)
  from space 12800K, 99% used [0x00000000e0780000,0x00000000e13f8a98,0x00000000e1400000)
  to   space 22016K, 0% used [0x00000000e6b00000,0x00000000e6b00000,0x00000000e8080000)
 ParOldGen       total 67584K, used 32392K [0x0000000080000000, 0x0000000084200000, 0x00000000d5580000)
  object space 67584K, 47% used [0x0000000080000000,0x0000000081fa2210,0x0000000084200000)
 Metaspace       used 66748K, capacity 69686K, committed 69888K, reserved 1110016K
  class space    used 9389K, capacity 9936K, committed 9984K, reserved 1048576K
GC Heap History (10 events):
Event: 14.085 GC heap before
{Heap before GC invocations=12 (full 2):
 PSYoungGen      total 138752K, used 127488K [0x00000000d5580000, 0x00000000e2380000, 0x0000000100000000)
  eden space 127488K, 100% used [0x00000000d5580000,0x00000000dd200000,0x00000000dd200000)
  from space 11264K, 0% used [0x00000000dd200000,0x00000000dd200000,0x00000000ddd00000)
  to   space 12800K, 0% used [0x00000000e1700000,0x00000000e1700000,0x00000000e2380000)
 ParOldGen       total 67584K, used 17390K [0x0000000080000000, 0x0000000084200000, 0x00000000d5580000)
  object space 67584K, 25% used [0x0000000080000000,0x00000000810fbbf8,0x0000000084200000)
 Metaspace       used 39410K, capacity 41092K, committed 41344K, reserved 1085440K
  class space    used 5562K, capacity 5906K, committed 6016K, reserved 1048576K
Event: 14.103 GC heap after
Heap after GC invocations=12 (full 2):
 PSYoungGen      total 192000K, used 9232K [0x00000000d5580000, 0x00000000e2080000, 0x0000000100000000)
  eden space 182272K, 0% used [0x00000000d5580000,0x00000000d5580000,0x00000000e0780000)
  from space 9728K, 94% used [0x00000000e1700000,0x00000000e2004350,0x00000000e2080000)
  to   space 12800K, 0% used [0x00000000e0780000,0x00000000e0780000,0x00000000e1400000)
 ParOldGen       total 67584K, used 17398K [0x0000000080000000, 0x0000000084200000, 0x00000000d5580000)
  object space 67584K, 25% used [0x0000000080000000,0x00000000810fdbf8,0x0000000084200000)
 Metaspace       used 39410K, capacity 41092K, committed 41344K, reserved 1085440K
  class space    used 5562K, capacity 5906K, committed 6016K, reserved 1048576K
}
Event: 24.607 GC heap before
{Heap before GC invocations=13 (full 2):
 PSYoungGen      total 192000K, used 191504K [0x00000000d5580000, 0x00000000e2080000, 0x0000000100000000)
  eden space 182272K, 100% used [0x00000000d5580000,0x00000000e0780000,0x00000000e0780000)
  from space 9728K, 94% used [0x00000000e1700000,0x00000000e2004350,0x00000000e2080000)
  to   space 12800K, 0% used [0x00000000e0780000,0x00000000e0780000,0x00000000e1400000)
 ParOldGen       total 67584K, used 17398K [0x0000000080000000, 0x0000000084200000, 0x00000000d5580000)
  object space 67584K, 25% used [0x0000000080000000,0x00000000810fdbf8,0x0000000084200000)
 Metaspace       used 56487K, capacity 58828K, committed 59136K, reserved 1099776K
  class space    used 7885K, capacity 8389K, committed 8448K, reserved 1048576K
Event: 24.662 GC heap after
Heap after GC invocations=13 (full 2):
 PSYoungGen      total 195072K, used 12772K [0x00000000d5580000, 0x00000000e2080000, 0x0000000100000000)
  eden space 182272K, 0% used [0x00000000d5580000,0x00000000d5580000,0x00000000e0780000)
  from space 12800K, 99% used [0x00000000e0780000,0x00000000e13f9350,0x00000000e1400000)
  to   space 9728K, 0% used [0x00000000e1700000,0x00000000e1700000,0x00000000e2080000)
 ParOldGen       total 67584K, used 32283K [0x0000000080000000, 0x0000000084200000, 0x00000000d5580000)
  object space 67584K, 47% used [0x0000000080000000,0x0000000081f86cb0,0x0000000084200000)
 Metaspace       used 56487K, capacity 58828K, committed 59136K, reserved 1099776K
  class space    used 7885K, capacity 8389K, committed 8448K, reserved 1048576K
}
Event: 25.059 GC heap before
{Heap before GC invocations=14 (full 2):
 PSYoungGen      total 195072K, used 19389K [0x00000000d5580000, 0x00000000e2080000, 0x0000000100000000)
  eden space 182272K, 3% used [0x00000000d5580000,0x00000000d5bf62c0,0x00000000e0780000)
  from space 12800K, 99% used [0x00000000e0780000,0x00000000e13f9350,0x00000000e1400000)
  to   space 9728K, 0% used [0x00000000e1700000,0x00000000e1700000,0x00000000e2080000)
 ParOldGen       total 67584K, used 32283K [0x0000000080000000, 0x0000000084200000, 0x00000000d5580000)
  object space 67584K, 47% used [0x0000000080000000,0x0000000081f86cb0,0x0000000084200000)
 Metaspace       used 56759K, capacity 59036K, committed 59136K, reserved 1099776K
  class space    used 7929K, capacity 8395K, committed 8448K, reserved 1048576K
Event: 25.152 GC heap after
Heap after GC invocations=14 (full 2):
 PSYoungGen      total 192000K, used 512K [0x00000000d5580000, 0x00000000e2080000, 0x0000000100000000)
  eden space 182272K, 0% used [0x00000000d5580000,0x00000000d5580000,0x00000000e0780000)
  from space 9728K, 5% used [0x00000000e1700000,0x00000000e1780000,0x00000000e2080000)
  to   space 12800K, 0% used [0x00000000e0780000,0x00000000e0780000,0x00000000e1400000)
 ParOldGen       total 67584K, used 43620K [0x0000000080000000, 0x0000000084200000, 0x00000000d5580000)
  object space 67584K, 64% used [0x0000000080000000,0x0000000082a99178,0x0000000084200000)
 Metaspace       used 56759K, capacity 59036K, committed 59136K, reserved 1099776K
  class space    used 7929K, capacity 8395K, committed 8448K, reserved 1048576K
}
Event: 25.152 GC heap before
{Heap before GC invocations=15 (full 3):
 PSYoungGen      total 192000K, used 512K [0x00000000d5580000, 0x00000000e2080000, 0x0000000100000000)
  eden space 182272K, 0% used [0x00000000d5580000,0x00000000d5580000,0x00000000e0780000)
  from space 9728K, 5% used [0x00000000e1700000,0x00000000e1780000,0x00000000e2080000)
  to   space 12800K, 0% used [0x00000000e0780000,0x00000000e0780000,0x00000000e1400000)
 ParOldGen       total 67584K, used 43620K [0x0000000080000000, 0x0000000084200000, 0x00000000d5580000)
  object space 67584K, 64% used [0x0000000080000000,0x0000000082a99178,0x0000000084200000)
 Metaspace       used 56759K, capacity 59036K, committed 59136K, reserved 1099776K
  class space    used 7929K, capacity 8395K, committed 8448K, reserved 1048576K
Event: 25.566 GC heap after
Heap after GC invocations=15 (full 3):
 PSYoungGen      total 192000K, used 0K [0x00000000d5580000, 0x00000000e2080000, 0x0000000100000000)
  eden space 182272K, 0% used [0x00000000d5580000,0x00000000d5580000,0x00000000e0780000)
  from space 9728K, 0% used [0x00000000e1700000,0x00000000e1700000,0x00000000e2080000)
  to   space 12800K, 0% used [0x00000000e0780000,0x00000000e0780000,0x00000000e1400000)
 ParOldGen       total 67584K, used 28814K [0x0000000080000000, 0x0000000084200000, 0x00000000d5580000)
  object space 67584K, 42% used [0x0000000080000000,0x0000000081c23be0,0x0000000084200000)
 Metaspace       used 56741K, capacity 58976K, committed 59136K, reserved 1099776K
  class space    used 7923K, capacity 8385K, committed 8448K, reserved 1048576K
}
Event: 31.022 GC heap before
{Heap before GC invocations=16 (full 3):
 PSYoungGen      total 192000K, used 182272K [0x00000000d5580000, 0x00000000e2080000, 0x0000000100000000)
  eden space 182272K, 100% used [0x00000000d5580000,0x00000000e0780000,0x00000000e0780000)
  from space 9728K, 0% used [0x00000000e1700000,0x00000000e1700000,0x00000000e2080000)
  to   space 12800K, 0% used [0x00000000e0780000,0x00000000e0780000,0x00000000e1400000)
 ParOldGen       total 67584K, used 28814K [0x0000000080000000, 0x0000000084200000, 0x00000000d5580000)
  object space 67584K, 42% used [0x0000000080000000,0x0000000081c23be0,0x0000000084200000)
 Metaspace       used 65451K, capacity 68342K, committed 68480K, reserved 1107968K
  class space    used 9245K, capacity 9796K, committed 9856K, reserved 1048576K
Event: 31.055 GC heap after
Heap after GC invocations=16 (full 3):
 PSYoungGen      total 195072K, used 12770K [0x00000000d5580000, 0x00000000e8080000, 0x0000000100000000)
  eden space 182272K, 0% used [0x00000000d5580000,0x00000000d5580000,0x00000000e0780000)
  from space 12800K, 99% used [0x00000000e0780000,0x00000000e13f8a98,0x00000000e1400000)
  to   space 22016K, 0% used [0x00000000e6b00000,0x00000000e6b00000,0x00000000e8080000)
 ParOldGen       total 67584K, used 32392K [0x0000000080000000, 0x0000000084200000, 0x00000000d5580000)
  object space 67584K, 47% used [0x0000000080000000,0x0000000081fa2210,0x0000000084200000)
 Metaspace       used 65451K, capacity 68342K, committed 68480K, reserved 1107968K
  class space    used 9245K, capacity 9796K, committed 9856K, reserved 1048576K
}

